180626 21:20:07 [Note] Plugin 'FEDERATED' is disabled.
180626 21:20:07 InnoDB: The InnoDB memory heap is disabled
180626 21:20:07 InnoDB: Mutexes and rw_locks use Windows interlocked functions
180626 21:20:07 InnoDB: Compressed tables use zlib 1.2.3
180626 21:20:07 InnoDB: Initializing buffer pool, size = 128.0M
180626 21:20:07 InnoDB: Completed initialization of buffer pool
180626 21:20:07 InnoDB: highest supported file format is Barracuda.
InnoDB: The log sequence number in ibdata files does not match
InnoDB: the log sequence number in the ib_logfiles!
180626 21:20:07  InnoDB: Database was not shut down normally!
InnoDB: Starting crash recovery.
InnoDB: Reading tablespace information from the .ibd files...
InnoDB: Restoring possible half-written data pages from the doublewrite
InnoDB: buffer...
180626 21:20:10  InnoDB: Waiting for the background threads to start
180626 21:20:11 InnoDB: 1.1.8 started; log sequence number 1745327
180626 21:20:53 [Note] Plugin 'FEDERATED' is disabled.
180626 21:20:53 InnoDB: The InnoDB memory heap is disabled
180626 21:20:53 InnoDB: Mutexes and rw_locks use Windows interlocked functions
180626 21:20:53 InnoDB: Compressed tables use zlib 1.2.3
180626 21:20:53 InnoDB: Initializing buffer pool, size = 128.0M
180626 21:20:53 InnoDB: Completed initialization of buffer pool
180626 21:20:53 InnoDB: highest supported file format is Barracuda.
InnoDB: The log sequence number in ibdata files does not match
InnoDB: the log sequence number in the ib_logfiles!
180626 21:20:53  InnoDB: Database was not shut down normally!
InnoDB: Starting crash recovery.
InnoDB: Reading tablespace information from the .ibd files...
InnoDB: Restoring possible half-written data pages from the doublewrite
InnoDB: buffer...
180626 21:20:54  InnoDB: Waiting for the background threads to start
180626 21:20:55 InnoDB: 1.1.8 started; log sequence number 1745327
180626 21:34:55 [Note] Plugin 'FEDERATED' is disabled.
180626 21:34:55 InnoDB: The InnoDB memory heap is disabled
180626 21:34:55 InnoDB: Mutexes and rw_locks use Windows interlocked functions
180626 21:34:55 InnoDB: Compressed tables use zlib 1.2.3
180626 21:34:55 InnoDB: Initializing buffer pool, size = 128.0M
180626 21:34:55 InnoDB: Completed initialization of buffer pool
180626 21:34:55 InnoDB: highest supported file format is Barracuda.
InnoDB: The log sequence number in ibdata files does not match
InnoDB: the log sequence number in the ib_logfiles!
180626 21:34:55  InnoDB: Database was not shut down normally!
InnoDB: Starting crash recovery.
InnoDB: Reading tablespace information from the .ibd files...
InnoDB: Restoring possible half-written data pages from the doublewrite
InnoDB: buffer...
180626 21:34:56  InnoDB: Waiting for the background threads to start
180626 21:34:57 InnoDB: 1.1.8 started; log sequence number 1745327
