::1 - - [07/Dec/2017:13:33:50 +0800] "GET /public/read.php HTTP/1.1" 200 3919
::1 - - [07/Dec/2017:13:33:50 +0800] "GET /public/css/style.css HTTP/1.1" 304 -
::1 - - [07/Dec/2017:13:33:53 +0800] "POST /public/read.php HTTP/1.1" 200 3377
::1 - - [07/Dec/2017:13:33:56 +0800] "POST /public/read.php HTTP/1.1" 200 2209
::1 - - [07/Dec/2017:13:34:00 +0800] "POST /public/read.php HTTP/1.1" 200 2228
::1 - - [07/Dec/2017:13:34:34 +0800] "GET /phpmyadmin/ HTTP/1.1" 200 7427
::1 - - [07/Dec/2017:13:34:35 +0800] "GET /phpmyadmin/phpmyadmin.css.php?server=1&token=2b47961d5883eba01a7aacd2dd165107&js_frame=right&nocache=3975531999 HTTP/1.1" 200 41672
::1 - - [07/Dec/2017:13:34:35 +0800] "GET /phpmyadmin/js/messages.php?lang=en&db=&token=2b47961d5883eba01a7aacd2dd165107 HTTP/1.1" 200 4934
::1 - - [07/Dec/2017:13:34:45 +0800] "POST /phpmyadmin/index.php HTTP/1.1" 302 -
::1 - - [07/Dec/2017:13:34:45 +0800] "GET /phpmyadmin/index.php?token=2b47961d5883eba01a7aacd2dd165107 HTTP/1.1" 200 2590
::1 - - [07/Dec/2017:13:34:46 +0800] "GET /phpmyadmin/main.php?token=2b47961d5883eba01a7aacd2dd165107 HTTP/1.1" 200 37829
::1 - - [07/Dec/2017:13:34:46 +0800] "GET /phpmyadmin/phpmyadmin.css.php?server=1&token=2b47961d5883eba01a7aacd2dd165107&js_frame=right&nocache=5488156885 HTTP/1.1" 200 41672
::1 - - [07/Dec/2017:13:34:46 +0800] "GET /phpmyadmin/navigation.php?token=2b47961d5883eba01a7aacd2dd165107 HTTP/1.1" 200 4533
::1 - - [07/Dec/2017:13:34:47 +0800] "GET /phpmyadmin/phpmyadmin.css.php?token=2b47961d5883eba01a7aacd2dd165107&js_frame=left&nocache=5488156885 HTTP/1.1" 200 5861
::1 - - [07/Dec/2017:13:34:50 +0800] "GET /phpmyadmin/main.php?token=2b47961d5883eba01a7aacd2dd165107 HTTP/1.1" 200 37829
::1 - - [07/Dec/2017:13:34:52 +0800] "GET /phpmyadmin/server_databases.php?token=2b47961d5883eba01a7aacd2dd165107 HTTP/1.1" 200 32138
::1 - - [07/Dec/2017:13:36:57 +0800] "GET /phpmyadmin/server_sql.php?token=2b47961d5883eba01a7aacd2dd165107 HTTP/1.1" 200 9298
::1 - - [07/Dec/2017:13:41:48 +0800] "POST /phpmyadmin/import.php HTTP/1.1" 200 3349
::1 - - [07/Dec/2017:13:41:59 +0800] "POST /phpmyadmin/import.php HTTP/1.1" 200 1149
::1 - - [07/Dec/2017:13:42:07 +0800] "GET /phpmyadmin/main.php?token=2b47961d5883eba01a7aacd2dd165107 HTTP/1.1" 200 37829
::1 - - [07/Dec/2017:13:42:09 +0800] "GET /phpmyadmin/server_databases.php?token=2b47961d5883eba01a7aacd2dd165107 HTTP/1.1" 200 32926
::1 - - [07/Dec/2017:13:42:11 +0800] "GET /phpmyadmin/navigation.php?server=1&token=2b47961d5883eba01a7aacd2dd165107&db=forum&table=&lang=en&collation_connection=utf8_general_ci HTTP/1.1" 200 4650
::1 - - [07/Dec/2017:13:42:11 +0800] "GET /phpmyadmin/db_structure.php?server=1&token=2b47961d5883eba01a7aacd2dd165107&db=forum&table=&lang=en&collation_connection=utf8_general_ci HTTP/1.1" 200 8288
::1 - - [07/Dec/2017:13:42:12 +0800] "GET /phpmyadmin/js/messages.php?lang=en&db=forum&token=2b47961d5883eba01a7aacd2dd165107 HTTP/1.1" 200 4939
::1 - - [07/Dec/2017:13:42:18 +0800] "GET /phpmyadmin/db_structure.php?db=forum&server=1&token=2b47961d5883eba01a7aacd2dd165107 HTTP/1.1" 200 8224
::1 - - [07/Dec/2017:13:42:18 +0800] "GET /phpmyadmin/main.php?token=2b47961d5883eba01a7aacd2dd165107 HTTP/1.1" 200 37829
::1 - - [07/Dec/2017:13:42:19 +0800] "GET /phpmyadmin/navigation.php?server=1&token=2b47961d5883eba01a7aacd2dd165107&db=&table=&lang=en&collation_connection=utf8_general_ci HTTP/1.1" 200 4053
::1 - - [07/Dec/2017:13:42:19 +0800] "GET /phpmyadmin/themes/pmahomme/img/database.png HTTP/1.1" 200 390
::1 - - [07/Dec/2017:13:42:20 +0800] "GET /phpmyadmin/server_sql.php?token=2b47961d5883eba01a7aacd2dd165107 HTTP/1.1" 200 9298
::1 - - [07/Dec/2017:13:42:21 +0800] "GET /phpmyadmin/server_databases.php?token=2b47961d5883eba01a7aacd2dd165107 HTTP/1.1" 200 32926
::1 - - [07/Dec/2017:13:42:24 +0800] "GET /phpmyadmin/main.php?token=2b47961d5883eba01a7aacd2dd165107 HTTP/1.1" 200 37829
::1 - - [07/Dec/2017:13:42:26 +0800] "GET /phpmyadmin/index.php?db=forum&token=2b47961d5883eba01a7aacd2dd165107 HTTP/1.1" 200 2629
::1 - - [07/Dec/2017:13:42:26 +0800] "GET /phpmyadmin/navigation.php?token=2b47961d5883eba01a7aacd2dd165107&db=forum HTTP/1.1" 200 4650
::1 - - [07/Dec/2017:13:42:26 +0800] "GET /phpmyadmin/db_structure.php?token=2b47961d5883eba01a7aacd2dd165107&db=forum HTTP/1.1" 200 8211
::1 - - [07/Dec/2017:13:42:27 +0800] "GET /phpmyadmin/db_sql.php?db=forum&server=1&token=2b47961d5883eba01a7aacd2dd165107&db_query_force=1 HTTP/1.1" 200 9197
::1 - - [07/Dec/2017:13:44:03 +0800] "POST /phpmyadmin/import.php HTTP/1.1" 200 293
::1 - - [07/Dec/2017:13:44:14 +0800] "POST /phpmyadmin/import.php HTTP/1.1" 200 211
::1 - - [07/Dec/2017:13:44:21 +0800] "POST /phpmyadmin/import.php HTTP/1.1" 200 3919
::1 - - [07/Dec/2017:13:44:21 +0800] "POST /phpmyadmin/db_sql.php HTTP/1.1" 200 9132
::1 - - [07/Dec/2017:13:44:21 +0800] "GET /phpmyadmin/navigation.php?db=forum&token=2b47961d5883eba01a7aacd2dd165107 HTTP/1.1" 200 5107
::1 - - [07/Dec/2017:13:44:24 +0800] "GET /phpmyadmin/sql.php?db=forum&token=2b47961d5883eba01a7aacd2dd165107&table=topics&pos=0 HTTP/1.1" 200 38900
::1 - - [07/Dec/2017:13:44:36 +0800] "GET /phpmyadmin/navigation.php?server=1&token=2b47961d5883eba01a7aacd2dd165107&db=test&table=topics&lang=en&collation_connection=utf8_general_ci HTTP/1.1" 200 5112
::1 - - [07/Dec/2017:13:44:36 +0800] "GET /phpmyadmin/db_structure.php?server=1&token=2b47961d5883eba01a7aacd2dd165107&db=test&table=&lang=en&collation_connection=utf8_general_ci HTTP/1.1" 200 15256
::1 - - [07/Dec/2017:13:44:36 +0800] "GET /phpmyadmin/themes/pmahomme/img/b_select.png HTTP/1.1" 200 680
::1 - - [07/Dec/2017:13:44:36 +0800] "GET /phpmyadmin/themes/pmahomme/img/b_empty.png HTTP/1.1" 200 363
::1 - - [07/Dec/2017:13:44:36 +0800] "GET /phpmyadmin/js/messages.php?lang=en&db=test&token=2b47961d5883eba01a7aacd2dd165107 HTTP/1.1" 200 4938
::1 - - [07/Dec/2017:13:44:38 +0800] "GET /phpmyadmin/sql.php?db=test&token=2b47961d5883eba01a7aacd2dd165107&table=users&pos=0 HTTP/1.1" 200 46689
::1 - - [07/Dec/2017:13:44:41 +0800] "GET /phpmyadmin/tbl_structure.php?db=test&table=users&token=2b47961d5883eba01a7aacd2dd165107 HTTP/1.1" 200 62972
::1 - - [07/Dec/2017:13:44:56 +0800] "GET /phpmyadmin/navigation.php?server=1&token=2b47961d5883eba01a7aacd2dd165107&db=forum&table=users&lang=en&collation_connection=utf8_general_ci HTTP/1.1" 200 5123
::1 - - [07/Dec/2017:13:44:56 +0800] "GET /phpmyadmin/db_structure.php?server=1&token=2b47961d5883eba01a7aacd2dd165107&db=forum&table=&lang=en&collation_connection=utf8_general_ci HTTP/1.1" 200 15312
::1 - - [07/Dec/2017:13:45:02 +0800] "GET /phpmyadmin/sql.php?db=forum&token=2b47961d5883eba01a7aacd2dd165107&table=topics&pos=0 HTTP/1.1" 200 38900
::1 - - [07/Dec/2017:13:47:37 +0800] "GET /phpmyadmin/tbl_sql.php?db=forum&table=topics&token=2b47961d5883eba01a7aacd2dd165107 HTTP/1.1" 200 10421
::1 - - [07/Dec/2017:13:47:47 +0800] "GET /phpmyadmin/db_structure.php?server=1&token=2b47961d5883eba01a7aacd2dd165107&db=test&table=&lang=en&collation_connection=utf8_general_ci HTTP/1.1" 200 15256
::1 - - [07/Dec/2017:13:47:47 +0800] "GET /phpmyadmin/navigation.php?server=1&token=2b47961d5883eba01a7aacd2dd165107&db=test&table=topics&lang=en&collation_connection=utf8_general_ci HTTP/1.1" 200 5112
::1 - - [07/Dec/2017:13:47:49 +0800] "GET /phpmyadmin/db_sql.php?db=test&server=1&token=2b47961d5883eba01a7aacd2dd165107&db_query_force=1 HTTP/1.1" 200 9050
::1 - - [07/Dec/2017:13:48:10 +0800] "GET /phpmyadmin/sql.php?db=test&token=2b47961d5883eba01a7aacd2dd165107&table=users&pos=0 HTTP/1.1" 200 46689
::1 - - [07/Dec/2017:13:48:17 +0800] "GET /phpmyadmin/navigation.php?server=1&token=2b47961d5883eba01a7aacd2dd165107&db=forum&table=&lang=en&collation_connection=utf8_general_ci HTTP/1.1" 200 5107
::1 - - [07/Dec/2017:13:48:17 +0800] "GET /phpmyadmin/db_structure.php?server=1&token=2b47961d5883eba01a7aacd2dd165107&db=forum&table=&lang=en&collation_connection=utf8_general_ci HTTP/1.1" 200 15312
::1 - - [07/Dec/2017:13:48:20 +0800] "GET /phpmyadmin/sql.php?db=forum&token=2b47961d5883eba01a7aacd2dd165107&table=topics&pos=0 HTTP/1.1" 200 38900
::1 - - [07/Dec/2017:13:48:21 +0800] "GET /phpmyadmin/db_sql.php?db=forum&server=1&token=2b47961d5883eba01a7aacd2dd165107&db_query_force=1 HTTP/1.1" 200 9071
::1 - - [07/Dec/2017:13:50:19 +0800] "GET /phpmyadmin/db_structure.php?db=forum&token=2b47961d5883eba01a7aacd2dd165107 HTTP/1.1" 200 15235
::1 - - [07/Dec/2017:13:50:33 +0800] "POST /phpmyadmin/import.php HTTP/1.1" 200 4947
::1 - - [07/Dec/2017:13:50:33 +0800] "POST /phpmyadmin/db_sql.php HTTP/1.1" 200 9220
::1 - - [07/Dec/2017:13:50:33 +0800] "GET /phpmyadmin/navigation.php?db=forum&token=2b47961d5883eba01a7aacd2dd165107 HTTP/1.1" 200 5565
::1 - - [07/Dec/2017:13:50:34 +0800] "GET /phpmyadmin/sql.php?db=forum&token=2b47961d5883eba01a7aacd2dd165107&table=topics&pos=0 HTTP/1.1" 200 38900
::1 - - [07/Dec/2017:13:50:36 +0800] "GET /phpmyadmin/sql.php?db=forum&token=2b47961d5883eba01a7aacd2dd165107&table=reply&pos=0 HTTP/1.1" 200 39720
::1 - - [07/Dec/2017:13:50:37 +0800] "GET /phpmyadmin/sql.php?db=forum&token=2b47961d5883eba01a7aacd2dd165107&table=topics&pos=0 HTTP/1.1" 200 38900
::1 - - [07/Dec/2017:13:50:39 +0800] "GET /phpmyadmin/sql.php?db=forum&token=2b47961d5883eba01a7aacd2dd165107&table=reply&pos=0 HTTP/1.1" 200 39720
::1 - - [07/Dec/2017:13:50:41 +0800] "GET /phpmyadmin/sql.php?db=forum&token=2b47961d5883eba01a7aacd2dd165107&table=topics&pos=0 HTTP/1.1" 200 38900
::1 - - [07/Dec/2017:13:50:48 +0800] "GET /phpmyadmin/db_structure.php?server=1&token=2b47961d5883eba01a7aacd2dd165107&db=test&table=&lang=en&collation_connection=utf8_general_ci HTTP/1.1" 200 15256
::1 - - [07/Dec/2017:13:50:48 +0800] "GET /phpmyadmin/navigation.php?server=1&token=2b47961d5883eba01a7aacd2dd165107&db=test&table=topics&lang=en&collation_connection=utf8_general_ci HTTP/1.1" 200 5112
::1 - - [07/Dec/2017:13:50:49 +0800] "GET /phpmyadmin/db_structure.php?server=1&token=2b47961d5883eba01a7aacd2dd165107&db=forum&table=&lang=en&collation_connection=utf8_general_ci HTTP/1.1" 200 18205
::1 - - [07/Dec/2017:13:50:49 +0800] "GET /phpmyadmin/navigation.php?server=1&token=2b47961d5883eba01a7aacd2dd165107&db=forum&table=&lang=en&collation_connection=utf8_general_ci HTTP/1.1" 200 5565
::1 - - [07/Dec/2017:13:50:50 +0800] "GET /phpmyadmin/db_sql.php?db=forum&server=1&token=2b47961d5883eba01a7aacd2dd165107&db_query_force=1 HTTP/1.1" 200 9071
::1 - - [07/Dec/2017:13:52:48 +0800] "GET /phpmyadmin/sql.php?db=forum&token=2b47961d5883eba01a7aacd2dd165107&table=reply&pos=0 HTTP/1.1" 200 39720
::1 - - [07/Dec/2017:13:52:49 +0800] "GET /phpmyadmin/sql.php?db=forum&token=2b47961d5883eba01a7aacd2dd165107&table=topics&pos=0 HTTP/1.1" 200 38900
::1 - - [07/Dec/2017:13:52:50 +0800] "GET /phpmyadmin/sql.php?db=forum&token=2b47961d5883eba01a7aacd2dd165107&table=reply&pos=0 HTTP/1.1" 200 39720
::1 - - [07/Dec/2017:13:52:51 +0800] "GET /phpmyadmin/sql.php?db=forum&token=2b47961d5883eba01a7aacd2dd165107&table=topics&pos=0 HTTP/1.1" 200 38900
::1 - - [07/Dec/2017:13:52:51 +0800] "GET /phpmyadmin/sql.php?db=forum&token=2b47961d5883eba01a7aacd2dd165107&table=reply&pos=0 HTTP/1.1" 200 39720
::1 - - [07/Dec/2017:13:52:52 +0800] "GET /phpmyadmin/sql.php?db=forum&token=2b47961d5883eba01a7aacd2dd165107&table=topics&pos=0 HTTP/1.1" 200 38900
::1 - - [07/Dec/2017:13:52:53 +0800] "GET /phpmyadmin/sql.php?db=forum&token=2b47961d5883eba01a7aacd2dd165107&table=reply&pos=0 HTTP/1.1" 200 39720
::1 - - [07/Dec/2017:13:52:54 +0800] "GET /phpmyadmin/sql.php?db=forum&token=2b47961d5883eba01a7aacd2dd165107&table=topics&pos=0 HTTP/1.1" 200 38900
::1 - - [07/Dec/2017:13:52:54 +0800] "GET /phpmyadmin/sql.php?db=forum&token=2b47961d5883eba01a7aacd2dd165107&table=reply&pos=0 HTTP/1.1" 200 39720
::1 - - [07/Dec/2017:13:52:55 +0800] "GET /phpmyadmin/sql.php?db=forum&token=2b47961d5883eba01a7aacd2dd165107&table=topics&pos=0 HTTP/1.1" 200 38900
::1 - - [07/Dec/2017:13:52:56 +0800] "GET /phpmyadmin/sql.php?db=forum&token=2b47961d5883eba01a7aacd2dd165107&table=reply&pos=0 HTTP/1.1" 200 39720
::1 - - [07/Dec/2017:13:52:56 +0800] "GET /phpmyadmin/sql.php?db=forum&token=2b47961d5883eba01a7aacd2dd165107&table=topics&pos=0 HTTP/1.1" 200 38900
::1 - - [07/Dec/2017:13:52:57 +0800] "GET /phpmyadmin/sql.php?db=forum&token=2b47961d5883eba01a7aacd2dd165107&table=reply&pos=0 HTTP/1.1" 200 39720
::1 - - [07/Dec/2017:13:52:58 +0800] "GET /phpmyadmin/sql.php?db=forum&token=2b47961d5883eba01a7aacd2dd165107&table=topics&pos=0 HTTP/1.1" 200 38900
::1 - - [07/Dec/2017:13:52:59 +0800] "GET /phpmyadmin/sql.php?db=forum&token=2b47961d5883eba01a7aacd2dd165107&table=reply&pos=0 HTTP/1.1" 200 39720
::1 - - [07/Dec/2017:13:52:59 +0800] "GET /phpmyadmin/sql.php?db=forum&token=2b47961d5883eba01a7aacd2dd165107&table=topics&pos=0 HTTP/1.1" 200 38900
::1 - - [07/Dec/2017:13:53:00 +0800] "GET /phpmyadmin/sql.php?db=forum&token=2b47961d5883eba01a7aacd2dd165107&table=topics&pos=0 HTTP/1.1" 200 38900
::1 - - [07/Dec/2017:13:53:02 +0800] "GET /phpmyadmin/sql.php?db=forum&token=2b47961d5883eba01a7aacd2dd165107&table=reply&pos=0 HTTP/1.1" 200 39720
::1 - - [07/Dec/2017:13:53:03 +0800] "GET /phpmyadmin/sql.php?db=forum&token=2b47961d5883eba01a7aacd2dd165107&table=topics&pos=0 HTTP/1.1" 200 38900
::1 - - [07/Dec/2017:13:53:28 +0800] "GET /phpmyadmin/sql.php?db=forum&token=2b47961d5883eba01a7aacd2dd165107&table=reply&pos=0 HTTP/1.1" 200 39720
::1 - - [07/Dec/2017:13:53:28 +0800] "GET /phpmyadmin/sql.php?db=forum&token=2b47961d5883eba01a7aacd2dd165107&table=topics&pos=0 HTTP/1.1" 200 38900
::1 - - [07/Dec/2017:13:53:30 +0800] "GET /phpmyadmin/sql.php?db=forum&token=2b47961d5883eba01a7aacd2dd165107&table=reply&pos=0 HTTP/1.1" 200 39720
::1 - - [07/Dec/2017:13:53:33 +0800] "GET /phpmyadmin/sql.php?db=forum&token=2b47961d5883eba01a7aacd2dd165107&table=topics&pos=0 HTTP/1.1" 200 38900
::1 - - [07/Dec/2017:13:53:34 +0800] "GET /phpmyadmin/sql.php?db=forum&token=2b47961d5883eba01a7aacd2dd165107&table=reply&pos=0 HTTP/1.1" 200 39720
::1 - - [07/Dec/2017:13:53:47 +0800] "GET /phpmyadmin/db_structure.php?server=1&token=2b47961d5883eba01a7aacd2dd165107&db=test&table=&lang=en&collation_connection=utf8_general_ci HTTP/1.1" 200 15256
::1 - - [07/Dec/2017:13:53:47 +0800] "GET /phpmyadmin/navigation.php?server=1&token=2b47961d5883eba01a7aacd2dd165107&db=test&table=reply&lang=en&collation_connection=utf8_general_ci HTTP/1.1" 200 5111
::1 - - [07/Dec/2017:13:53:49 +0800] "GET /phpmyadmin/navigation.php?server=1&token=2b47961d5883eba01a7aacd2dd165107&db=forum&table=&lang=en&collation_connection=utf8_general_ci HTTP/1.1" 200 5565
::1 - - [07/Dec/2017:13:53:49 +0800] "GET /phpmyadmin/db_structure.php?server=1&token=2b47961d5883eba01a7aacd2dd165107&db=forum&table=&lang=en&collation_connection=utf8_general_ci HTTP/1.1" 200 18205
::1 - - [07/Dec/2017:13:53:50 +0800] "GET /phpmyadmin/db_sql.php?db=forum&server=1&token=2b47961d5883eba01a7aacd2dd165107&db_query_force=1 HTTP/1.1" 200 9071
::1 - - [07/Dec/2017:13:54:27 +0800] "GET /phpmyadmin/main.php?token=2b47961d5883eba01a7aacd2dd165107 HTTP/1.1" 200 37829
::1 - - [07/Dec/2017:13:54:27 +0800] "GET /phpmyadmin/navigation.php?server=1&token=2b47961d5883eba01a7aacd2dd165107&db=&table=&lang=en&collation_connection=utf8_general_ci HTTP/1.1" 200 4053
::1 - - [07/Dec/2017:13:54:28 +0800] "GET /phpmyadmin/server_sql.php?token=2b47961d5883eba01a7aacd2dd165107 HTTP/1.1" 200 9298
::1 - - [07/Dec/2017:13:54:31 +0800] "GET /phpmyadmin/index.php?db=test&token=2b47961d5883eba01a7aacd2dd165107 HTTP/1.1" 200 2626
::1 - - [07/Dec/2017:13:54:31 +0800] "GET /phpmyadmin/navigation.php?token=2b47961d5883eba01a7aacd2dd165107&db=test HTTP/1.1" 200 5095
::1 - - [07/Dec/2017:13:54:31 +0800] "GET /phpmyadmin/db_structure.php?token=2b47961d5883eba01a7aacd2dd165107&db=test HTTP/1.1" 200 15179
::1 - - [07/Dec/2017:13:54:34 +0800] "GET /phpmyadmin/navigation.php?server=1&token=2b47961d5883eba01a7aacd2dd165107&db=forum&table=&lang=en&collation_connection=utf8_general_ci HTTP/1.1" 200 5565
::1 - - [07/Dec/2017:13:54:34 +0800] "GET /phpmyadmin/db_structure.php?server=1&token=2b47961d5883eba01a7aacd2dd165107&db=forum&table=&lang=en&collation_connection=utf8_general_ci HTTP/1.1" 200 18205
::1 - - [07/Dec/2017:13:54:35 +0800] "GET /phpmyadmin/db_sql.php?db=forum&server=1&token=2b47961d5883eba01a7aacd2dd165107&db_query_force=1 HTTP/1.1" 200 9071
::1 - - [07/Dec/2017:13:55:13 +0800] "POST /phpmyadmin/import.php HTTP/1.1" 200 2319
::1 - - [07/Dec/2017:13:55:13 +0800] "POST /phpmyadmin/db_sql.php HTTP/1.1" 200 9016
::1 - - [07/Dec/2017:13:55:14 +0800] "GET /phpmyadmin/navigation.php?db=forum&token=2b47961d5883eba01a7aacd2dd165107 HTTP/1.1" 200 5565
::1 - - [07/Dec/2017:13:55:16 +0800] "GET /phpmyadmin/sql.php?db=forum&token=2b47961d5883eba01a7aacd2dd165107&table=reply&pos=0 HTTP/1.1" 200 46531
::1 - - [07/Dec/2017:13:55:22 +0800] "GET /phpmyadmin/sql.php?db=forum&token=2b47961d5883eba01a7aacd2dd165107&table=topics&pos=0 HTTP/1.1" 200 38900
::1 - - [07/Dec/2017:13:55:23 +0800] "GET /phpmyadmin/sql.php?db=forum&token=2b47961d5883eba01a7aacd2dd165107&table=reply&pos=0 HTTP/1.1" 200 46531
::1 - - [07/Dec/2017:13:55:26 +0800] "GET /phpmyadmin/sql.php?db=forum&token=2b47961d5883eba01a7aacd2dd165107&table=topics&pos=0 HTTP/1.1" 200 38900
::1 - - [07/Dec/2017:13:55:28 +0800] "GET /phpmyadmin/sql.php?db=forum&token=2b47961d5883eba01a7aacd2dd165107&table=reply&pos=0 HTTP/1.1" 200 46531
::1 - - [07/Dec/2017:13:57:11 +0800] "GET /phpmyadmin/sql.php?db=forum&token=2b47961d5883eba01a7aacd2dd165107&table=topics&pos=0 HTTP/1.1" 200 38900
::1 - - [07/Dec/2017:14:01:02 +0800] "GET /phpmyadmin/tbl_sql.php?db=forum&table=topics&token=2b47961d5883eba01a7aacd2dd165107 HTTP/1.1" 200 10421
::1 - - [07/Dec/2017:14:05:33 +0800] "GET /phpmyadmin/sql.php?db=forum&token=2b47961d5883eba01a7aacd2dd165107&table=topics&pos=0 HTTP/1.1" 200 38900
::1 - - [07/Dec/2017:14:05:36 +0800] "GET /phpmyadmin/navigation.php?server=1&token=2b47961d5883eba01a7aacd2dd165107&db=test&table=topics&lang=en&collation_connection=utf8_general_ci HTTP/1.1" 200 5112
::1 - - [07/Dec/2017:14:05:36 +0800] "GET /phpmyadmin/db_structure.php?server=1&token=2b47961d5883eba01a7aacd2dd165107&db=test&table=&lang=en&collation_connection=utf8_general_ci HTTP/1.1" 200 15256
::1 - - [07/Dec/2017:14:05:37 +0800] "GET /phpmyadmin/navigation.php?server=1&token=2b47961d5883eba01a7aacd2dd165107&db=forum&table=&lang=en&collation_connection=utf8_general_ci HTTP/1.1" 200 5565
::1 - - [07/Dec/2017:14:05:37 +0800] "GET /phpmyadmin/db_structure.php?server=1&token=2b47961d5883eba01a7aacd2dd165107&db=forum&table=&lang=en&collation_connection=utf8_general_ci HTTP/1.1" 200 18205
::1 - - [07/Dec/2017:14:05:38 +0800] "GET /phpmyadmin/db_sql.php?db=forum&server=1&token=2b47961d5883eba01a7aacd2dd165107&db_query_force=1 HTTP/1.1" 200 9071
::1 - - [07/Dec/2017:14:06:13 +0800] "POST /phpmyadmin/import.php HTTP/1.1" 200 2339
::1 - - [07/Dec/2017:14:06:13 +0800] "POST /phpmyadmin/db_sql.php HTTP/1.1" 200 9024
::1 - - [07/Dec/2017:14:06:13 +0800] "GET /phpmyadmin/navigation.php?db=forum&token=2b47961d5883eba01a7aacd2dd165107 HTTP/1.1" 200 5565
::1 - - [07/Dec/2017:14:10:24 +0800] "GET /phpmyadmin/sql.php?db=forum&token=2b47961d5883eba01a7aacd2dd165107&table=reply&pos=0 HTTP/1.1" 200 46531
::1 - - [07/Dec/2017:14:12:22 +0800] "GET /private/read.php HTTP/1.1" 200 3919
::1 - - [07/Dec/2017:14:12:22 +0800] "GET /private/css/style.css HTTP/1.1" 404 219
::1 - - [07/Dec/2017:14:12:37 +0800] "GET /private/create.php HTTP/1.1" 200 1640
::1 - - [07/Dec/2017:14:12:37 +0800] "GET /private/css/style.css HTTP/1.1" 404 219
::1 - - [07/Dec/2017:14:13:03 +0800] "GET /public/create.php HTTP/1.1" 200 1714
::1 - - [07/Dec/2017:14:14:01 +0800] "GET /public/create.php HTTP/1.1" 200 1714
::1 - - [07/Dec/2017:14:14:01 +0800] "GET /public/css/style.css HTTP/1.1" 304 -
::1 - - [07/Dec/2017:14:14:55 +0800] "GET /public/create.php HTTP/1.1" 200 1717
::1 - - [07/Dec/2017:14:14:55 +0800] "GET /public/css/style.css HTTP/1.1" 304 -
::1 - - [07/Dec/2017:14:15:17 +0800] "GET /private/create.php HTTP/1.1" 200 1640
::1 - - [07/Dec/2017:14:15:17 +0800] "GET /private/css/style.css HTTP/1.1" 404 219
::1 - - [07/Dec/2017:14:16:46 +0800] "GET /public/index.php HTTP/1.1" 200 1576
::1 - - [07/Dec/2017:14:16:48 +0800] "GET /public/create.php HTTP/1.1" 200 1717
::1 - - [07/Dec/2017:14:16:50 +0800] "GET /public/index.php HTTP/1.1" 200 1576
::1 - - [07/Dec/2017:14:17:17 +0800] "GET /private/create.php HTTP/1.1" 200 1640
::1 - - [07/Dec/2017:14:17:17 +0800] "GET /private/css/style.css HTTP/1.1" 200 279
::1 - - [07/Dec/2017:14:19:33 +0800] "GET /private/create.php HTTP/1.1" 200 1651
::1 - - [07/Dec/2017:14:19:33 +0800] "GET /private/css/style.css HTTP/1.1" 304 -
::1 - - [07/Dec/2017:14:19:44 +0800] "GET /private/create.php HTTP/1.1" 200 1659
::1 - - [07/Dec/2017:14:19:44 +0800] "GET /private/css/style.css HTTP/1.1" 304 -
::1 - - [07/Dec/2017:14:21:58 +0800] "GET /public/create.php HTTP/1.1" 200 1717
::1 - - [07/Dec/2017:14:21:59 +0800] "GET /public/create.php HTTP/1.1" 200 1717
::1 - - [07/Dec/2017:14:21:59 +0800] "GET /public/css/style.css HTTP/1.1" 200 356
::1 - - [07/Dec/2017:14:22:14 +0800] "GET /public/create.php HTTP/1.1" 200 1717
::1 - - [07/Dec/2017:14:22:14 +0800] "GET /public/css/style.css HTTP/1.1" 200 355
::1 - - [07/Dec/2017:14:22:36 +0800] "GET /public/create.php HTTP/1.1" 200 1717
::1 - - [07/Dec/2017:14:22:36 +0800] "GET /public/css/style.css HTTP/1.1" 200 372
::1 - - [07/Dec/2017:14:22:46 +0800] "GET /public/create.php HTTP/1.1" 200 1717
::1 - - [07/Dec/2017:14:22:46 +0800] "GET /public/css/style.css HTTP/1.1" 200 371
::1 - - [07/Dec/2017:14:23:01 +0800] "GET /public/create.php HTTP/1.1" 200 1733
::1 - - [07/Dec/2017:14:23:01 +0800] "GET /public/css/style.css HTTP/1.1" 304 -
::1 - - [07/Dec/2017:14:23:03 +0800] "GET /public/create.php HTTP/1.1" 200 1733
::1 - - [07/Dec/2017:14:23:03 +0800] "GET /public/css/style.css HTTP/1.1" 304 -
::1 - - [07/Dec/2017:14:23:08 +0800] "GET /public/create.php HTTP/1.1" 200 1733
::1 - - [07/Dec/2017:14:23:08 +0800] "GET /public/css/style.css HTTP/1.1" 304 -
::1 - - [07/Dec/2017:14:23:24 +0800] "GET /public/create.php HTTP/1.1" 200 1733
::1 - - [07/Dec/2017:14:23:24 +0800] "GET /public/css/style.css HTTP/1.1" 304 -
::1 - - [07/Dec/2017:14:24:40 +0800] "GET /private/create.php HTTP/1.1" 200 1659
::1 - - [07/Dec/2017:14:24:40 +0800] "GET /private/css/style.css HTTP/1.1" 200 352
::1 - - [07/Dec/2017:14:24:58 +0800] "GET /private/create.php HTTP/1.1" 200 1659
::1 - - [07/Dec/2017:14:24:58 +0800] "GET /private/css/style.css HTTP/1.1" 200 352
::1 - - [07/Dec/2017:14:26:16 +0800] "GET /private/create.php HTTP/1.1" 200 1653
::1 - - [07/Dec/2017:14:26:16 +0800] "GET /private/css/style.css HTTP/1.1" 304 -
::1 - - [07/Dec/2017:14:27:02 +0800] "GET /private/create.php HTTP/1.1" 200 1613
::1 - - [07/Dec/2017:14:27:02 +0800] "GET /private/css/style.css HTTP/1.1" 304 -
::1 - - [07/Dec/2017:14:28:08 +0800] "GET /private/create.php HTTP/1.1" 200 1609
::1 - - [07/Dec/2017:14:28:08 +0800] "GET /private/css/style.css HTTP/1.1" 200 355
::1 - - [07/Dec/2017:14:29:18 +0800] "GET /private/create.php HTTP/1.1" 200 1576
::1 - - [07/Dec/2017:14:29:18 +0800] "GET /private/css/style.css HTTP/1.1" 304 -
::1 - - [07/Dec/2017:14:29:52 +0800] "GET /private/create.php HTTP/1.1" 200 1572
::1 - - [07/Dec/2017:14:29:52 +0800] "GET /private/css/style.css HTTP/1.1" 304 -
::1 - - [07/Dec/2017:14:30:35 +0800] "GET /private/create.php HTTP/1.1" 200 1584
::1 - - [07/Dec/2017:14:30:35 +0800] "GET /private/css/style.css HTTP/1.1" 304 -
::1 - - [07/Dec/2017:14:32:59 +0800] "GET /private/create.php HTTP/1.1" 200 1584
::1 - - [07/Dec/2017:14:32:59 +0800] "GET /private/css/style.css HTTP/1.1" 200 353
::1 - - [07/Dec/2017:14:35:05 +0800] "GET /private/create.php HTTP/1.1" 200 1584
::1 - - [07/Dec/2017:14:35:05 +0800] "GET /private/css/style.css HTTP/1.1" 304 -
::1 - - [07/Dec/2017:14:37:13 +0800] "GET /private/create.php HTTP/1.1" 200 1584
::1 - - [07/Dec/2017:14:37:13 +0800] "GET /private/css/style.css HTTP/1.1" 304 -
::1 - - [07/Dec/2017:14:37:15 +0800] "GET /private/create.php HTTP/1.1" 200 1584
::1 - - [07/Dec/2017:14:37:15 +0800] "GET /private/css/style.css HTTP/1.1" 304 -
::1 - - [07/Dec/2017:14:37:16 +0800] "GET /private/create.php HTTP/1.1" 200 1584
::1 - - [07/Dec/2017:14:37:16 +0800] "GET /private/css/style.css HTTP/1.1" 304 -
::1 - - [07/Dec/2017:14:37:40 +0800] "GET /private/create.php HTTP/1.1" 200 1601
::1 - - [07/Dec/2017:14:37:40 +0800] "GET /private/css/style.css HTTP/1.1" 304 -
::1 - - [07/Dec/2017:14:38:01 +0800] "GET /private/index.php HTTP/1.1" 200 1507
::1 - - [07/Dec/2017:14:38:04 +0800] "GET /private/create.php HTTP/1.1" 200 1601
::1 - - [07/Dec/2017:14:38:10 +0800] "GET /private/read.php HTTP/1.1" 200 3850
::1 - - [07/Dec/2017:14:38:41 +0800] "GET /private/index.php HTTP/1.1" 200 1507
::1 - - [07/Dec/2017:14:38:43 +0800] "GET /private/create.php HTTP/1.1" 200 1601
::1 - - [07/Dec/2017:14:40:55 +0800] "POST /private/create.php HTTP/1.1" 200 1881
::1 - - [07/Dec/2017:14:41:14 +0800] "GET /phpmyadmin/sql.php?db=forum&token=2b47961d5883eba01a7aacd2dd165107&table=topics&pos=0 HTTP/1.1" 200 7671
::1 - - [07/Dec/2017:14:41:14 +0800] "GET /phpmyadmin/sql.php?db=forum&token=2b47961d5883eba01a7aacd2dd165107&table=topics&pos=0 HTTP/1.1" 200 7671
::1 - - [07/Dec/2017:14:41:17 +0800] "POST /phpmyadmin/index.php HTTP/1.1" 302 -
::1 - - [07/Dec/2017:14:41:17 +0800] "GET /phpmyadmin/index.php?db=forum&table=topics&target=sql.php&token=2b47961d5883eba01a7aacd2dd165107 HTTP/1.1" 200 2698
::1 - - [07/Dec/2017:14:41:17 +0800] "GET /phpmyadmin/navigation.php?target=sql.php&token=2b47961d5883eba01a7aacd2dd165107&db=forum&table=topics HTTP/1.1" 200 5582
::1 - - [07/Dec/2017:14:41:17 +0800] "GET /phpmyadmin/sql.php?target=sql.php&token=2b47961d5883eba01a7aacd2dd165107&db=forum&table=topics HTTP/1.1" 200 45817
::1 - - [07/Dec/2017:14:41:19 +0800] "GET /phpmyadmin/sql.php?db=forum&token=2b47961d5883eba01a7aacd2dd165107&table=topics&pos=0 HTTP/1.1" 200 45808
::1 - - [07/Dec/2017:14:41:20 +0800] "GET /phpmyadmin/sql.php?db=forum&token=2b47961d5883eba01a7aacd2dd165107&table=reply&pos=0 HTTP/1.1" 200 46531
::1 - - [07/Dec/2017:14:41:21 +0800] "GET /phpmyadmin/sql.php?db=forum&token=2b47961d5883eba01a7aacd2dd165107&table=topics&pos=0 HTTP/1.1" 200 45808
::1 - - [07/Dec/2017:14:41:31 +0800] "GET /phpmyadmin/tbl_structure.php?db=forum&table=topics&token=2b47961d5883eba01a7aacd2dd165107 HTTP/1.1" 200 43220
::1 - - [07/Dec/2017:14:41:33 +0800] "GET /phpmyadmin/sql.php?db=forum&table=topics&token=2b47961d5883eba01a7aacd2dd165107&pos=0 HTTP/1.1" 200 45808
::1 - - [07/Dec/2017:14:41:35 +0800] "GET /phpmyadmin/tbl_sql.php?db=forum&table=topics&token=2b47961d5883eba01a7aacd2dd165107 HTTP/1.1" 200 10479
::1 - - [07/Dec/2017:14:41:36 +0800] "GET /phpmyadmin/tbl_structure.php?db=forum&table=topics&token=2b47961d5883eba01a7aacd2dd165107 HTTP/1.1" 200 43220
::1 - - [07/Dec/2017:14:41:50 +0800] "GET /phpmyadmin/navigation.php?server=1&token=2b47961d5883eba01a7aacd2dd165107&db=test&table=topics&lang=en&collation_connection=utf8_general_ci HTTP/1.1" 200 5112
::1 - - [07/Dec/2017:14:41:50 +0800] "GET /phpmyadmin/db_structure.php?server=1&token=2b47961d5883eba01a7aacd2dd165107&db=test&table=&lang=en&collation_connection=utf8_general_ci HTTP/1.1" 200 15256
::1 - - [07/Dec/2017:14:41:51 +0800] "GET /phpmyadmin/sql.php?db=test&token=2b47961d5883eba01a7aacd2dd165107&goto=db_structure.php&table=users&pos=0 HTTP/1.1" 200 46715
::1 - - [07/Dec/2017:14:41:56 +0800] "GET /phpmyadmin/navigation.php?server=1&token=2b47961d5883eba01a7aacd2dd165107&db=forum&table=users&lang=en&collation_connection=utf8_general_ci HTTP/1.1" 200 5581
::1 - - [07/Dec/2017:14:41:56 +0800] "GET /phpmyadmin/db_structure.php?server=1&token=2b47961d5883eba01a7aacd2dd165107&db=forum&table=&lang=en&collation_connection=utf8_general_ci HTTP/1.1" 200 18205
::1 - - [07/Dec/2017:14:41:57 +0800] "GET /phpmyadmin/sql.php?db=forum&token=2b47961d5883eba01a7aacd2dd165107&table=topics&pos=0 HTTP/1.1" 200 45808
::1 - - [07/Dec/2017:14:42:00 +0800] "GET /phpmyadmin/sql.php?db=forum&token=2b47961d5883eba01a7aacd2dd165107&table=reply&pos=0 HTTP/1.1" 200 46531
::1 - - [07/Dec/2017:14:42:01 +0800] "GET /phpmyadmin/sql.php?db=forum&token=2b47961d5883eba01a7aacd2dd165107&table=topics&pos=0 HTTP/1.1" 200 45808
::1 - - [07/Dec/2017:14:42:01 +0800] "GET /phpmyadmin/sql.php?db=forum&token=2b47961d5883eba01a7aacd2dd165107&table=reply&pos=0 HTTP/1.1" 200 46531
::1 - - [07/Dec/2017:14:42:02 +0800] "GET /phpmyadmin/sql.php?db=forum&token=2b47961d5883eba01a7aacd2dd165107&table=topics&pos=0 HTTP/1.1" 200 45808
::1 - - [07/Dec/2017:14:43:14 +0800] "POST /private/create.php HTTP/1.1" 200 1887
::1 - - [07/Dec/2017:14:43:29 +0800] "POST /private/create.php HTTP/1.1" 200 1883
::1 - - [07/Dec/2017:14:43:59 +0800] "GET /phpmyadmin/db_structure.php?server=1&token=2b47961d5883eba01a7aacd2dd165107&db=test&table=&lang=en&collation_connection=utf8_general_ci HTTP/1.1" 200 15256
::1 - - [07/Dec/2017:14:43:59 +0800] "GET /phpmyadmin/navigation.php?server=1&token=2b47961d5883eba01a7aacd2dd165107&db=test&table=topics&lang=en&collation_connection=utf8_general_ci HTTP/1.1" 200 5112
::1 - - [07/Dec/2017:14:44:00 +0800] "GET /phpmyadmin/sql.php?db=test&token=2b47961d5883eba01a7aacd2dd165107&table=users&pos=0 HTTP/1.1" 200 46689
::1 - - [07/Dec/2017:14:44:03 +0800] "GET /phpmyadmin/tbl_structure.php?db=test&table=users&token=2b47961d5883eba01a7aacd2dd165107 HTTP/1.1" 200 62972
::1 - - [07/Dec/2017:14:44:11 +0800] "GET /phpmyadmin/navigation.php?server=1&token=2b47961d5883eba01a7aacd2dd165107&db=forum&table=users&lang=en&collation_connection=utf8_general_ci HTTP/1.1" 200 5581
::1 - - [07/Dec/2017:14:44:11 +0800] "GET /phpmyadmin/db_structure.php?server=1&token=2b47961d5883eba01a7aacd2dd165107&db=forum&table=&lang=en&collation_connection=utf8_general_ci HTTP/1.1" 200 18205
::1 - - [07/Dec/2017:14:44:14 +0800] "GET /phpmyadmin/sql.php?db=forum&token=2b47961d5883eba01a7aacd2dd165107&table=topics&pos=0 HTTP/1.1" 200 45808
::1 - - [07/Dec/2017:14:45:06 +0800] "POST /private/create.php HTTP/1.1" 200 2496
::1 - - [07/Dec/2017:14:47:34 +0800] "POST /private/create.php HTTP/1.1" 200 2518
::1 - - [07/Dec/2017:14:47:59 +0800] "POST /private/create.php HTTP/1.1" 200 1838
::1 - - [07/Dec/2017:14:48:39 +0800] "GET /phpmyadmin/sql.php?db=forum&token=2b47961d5883eba01a7aacd2dd165107&table=reply&pos=0 HTTP/1.1" 200 46531
::1 - - [07/Dec/2017:14:48:40 +0800] "GET /phpmyadmin/sql.php?db=forum&token=2b47961d5883eba01a7aacd2dd165107&table=topics&pos=0 HTTP/1.1" 200 21906
::1 - - [07/Dec/2017:14:49:02 +0800] "GET /phpmyadmin/navigation.php?server=1&token=2b47961d5883eba01a7aacd2dd165107&db=test&table=topics&lang=en&collation_connection=utf8_general_ci HTTP/1.1" 200 5112
::1 - - [07/Dec/2017:14:49:02 +0800] "GET /phpmyadmin/db_structure.php?server=1&token=2b47961d5883eba01a7aacd2dd165107&db=test&table=&lang=en&collation_connection=utf8_general_ci HTTP/1.1" 200 15256
::1 - - [07/Dec/2017:14:49:04 +0800] "GET /phpmyadmin/navigation.php?server=1&token=2b47961d5883eba01a7aacd2dd165107&db=forum&table=&lang=en&collation_connection=utf8_general_ci HTTP/1.1" 200 5565
::1 - - [07/Dec/2017:14:49:04 +0800] "GET /phpmyadmin/db_structure.php?server=1&token=2b47961d5883eba01a7aacd2dd165107&db=forum&table=&lang=en&collation_connection=utf8_general_ci HTTP/1.1" 200 18202
::1 - - [07/Dec/2017:14:49:07 +0800] "GET /phpmyadmin/db_sql.php?db=forum&server=1&token=2b47961d5883eba01a7aacd2dd165107&db_query_force=1 HTTP/1.1" 200 9071
::1 - - [07/Dec/2017:14:49:53 +0800] "GET /phpmyadmin/sql.php?db=forum&token=2b47961d5883eba01a7aacd2dd165107&table=topics&pos=0 HTTP/1.1" 200 21906
::1 - - [07/Dec/2017:14:50:05 +0800] "GET /phpmyadmin/index.php?db=forum&table=topics&target=sql.php&token=2b47961d5883eba01a7aacd2dd16 HTTP/1.1" 200 2698
::1 - - [07/Dec/2017:14:50:05 +0800] "GET /phpmyadmin/navigation.php?target=sql.php&db=forum&table=topics&token=2b47961d5883eba01a7aacd2dd165107 HTTP/1.1" 200 5582
::1 - - [07/Dec/2017:14:50:05 +0800] "GET /phpmyadmin/sql.php?target=sql.php&db=forum&table=topics&token=2b47961d5883eba01a7aacd2dd165107 HTTP/1.1" 200 21915
::1 - - [07/Dec/2017:14:50:10 +0800] "GET /phpmyadmin/sql.php?db=forum&token=2b47961d5883eba01a7aacd2dd165107&table=topics&pos=0 HTTP/1.1" 200 21906
::1 - - [07/Dec/2017:14:50:11 +0800] "GET /phpmyadmin/tbl_structure.php?db=forum&table=topics&token=2b47961d5883eba01a7aacd2dd165107 HTTP/1.1" 200 43142
::1 - - [07/Dec/2017:14:50:50 +0800] "POST /phpmyadmin/import.php HTTP/1.1" 200 2389
::1 - - [07/Dec/2017:14:50:50 +0800] "POST /phpmyadmin/db_sql.php HTTP/1.1" 200 9044
::1 - - [07/Dec/2017:14:50:50 +0800] "GET /phpmyadmin/navigation.php?db=forum&token=2b47961d5883eba01a7aacd2dd165107 HTTP/1.1" 200 5565
::1 - - [07/Dec/2017:14:50:52 +0800] "GET /phpmyadmin/db_structure.php?goto=db_sql.php&db=forum&server=1&token=2b47961d5883eba01a7aacd2dd165107 HTTP/1.1" 200 18354
::1 - - [07/Dec/2017:14:50:53 +0800] "GET /phpmyadmin/db_sql.php?goto=db_sql.php&db=forum&server=1&token=2b47961d5883eba01a7aacd2dd165107&db_query_force=1 HTTP/1.1" 200 9287
::1 - - [07/Dec/2017:14:50:55 +0800] "GET /phpmyadmin/index.php?db=forum&table=topics&target=sql.php&token=2b47961d5883eba01a7aacd2dd16 HTTP/1.1" 200 2698
::1 - - [07/Dec/2017:14:50:55 +0800] "GET /phpmyadmin/js/update-location.js?ts=1324451272 HTTP/1.1" 304 -
::1 - - [07/Dec/2017:14:50:55 +0800] "GET /phpmyadmin/js/common.js?ts=1324451272 HTTP/1.1" 304 -
::1 - - [07/Dec/2017:14:50:55 +0800] "GET /phpmyadmin/js/jquery/jquery-1.4.4.js?ts=1324451272 HTTP/1.1" 304 -
::1 - - [07/Dec/2017:14:50:55 +0800] "GET /phpmyadmin/navigation.php?target=sql.php&db=forum&table=topics&token=2b47961d5883eba01a7aacd2dd165107 HTTP/1.1" 200 5582
::1 - - [07/Dec/2017:14:50:55 +0800] "GET /phpmyadmin/js/jquery/jquery-1.4.4.js HTTP/1.1" 304 -
::1 - - [07/Dec/2017:14:50:55 +0800] "GET /phpmyadmin/themes/pmahomme/img/logo_left.png HTTP/1.1" 304 -
::1 - - [07/Dec/2017:14:50:55 +0800] "GET /phpmyadmin/themes/pmahomme/img/b_home.png HTTP/1.1" 304 -
::1 - - [07/Dec/2017:14:50:55 +0800] "GET /phpmyadmin/js/functions.js HTTP/1.1" 304 -
::1 - - [07/Dec/2017:14:50:55 +0800] "GET /phpmyadmin/js/navigation.js HTTP/1.1" 304 -
::1 - - [07/Dec/2017:14:50:55 +0800] "GET /phpmyadmin/sql.php?target=sql.php&db=forum&table=topics&token=2b47961d5883eba01a7aacd2dd165107 HTTP/1.1" 200 21907
::1 - - [07/Dec/2017:14:50:55 +0800] "GET /phpmyadmin/js/jquery/jquery-1.4.4.js?ts=1324451272 HTTP/1.1" 304 -
::1 - - [07/Dec/2017:14:50:55 +0800] "GET /phpmyadmin/js/update-location.js?ts=1324451272 HTTP/1.1" 304 -
::1 - - [07/Dec/2017:14:50:55 +0800] "GET /phpmyadmin/js/cross_framing_protection.js?ts=1324451272 HTTP/1.1" 304 -
::1 - - [07/Dec/2017:14:50:55 +0800] "GET /phpmyadmin/print.css HTTP/1.1" 304 -
::1 - - [07/Dec/2017:14:50:55 +0800] "GET /phpmyadmin/js/functions.js?ts=1324451272 HTTP/1.1" 304 -
::1 - - [07/Dec/2017:14:50:55 +0800] "GET /phpmyadmin/themes/pmahomme/jquery/jquery-ui-1.8.custom.css HTTP/1.1" 304 -
::1 - - [07/Dec/2017:14:50:55 +0800] "GET /phpmyadmin/phpmyadmin.css.php?token=2b47961d5883eba01a7aacd2dd165107&js_frame=left&nocache=5488156885 HTTP/1.1" 200 5861
::1 - - [07/Dec/2017:14:50:55 +0800] "GET /phpmyadmin/phpmyadmin.css.php?server=1&token=2b47961d5883eba01a7aacd2dd165107&js_frame=right&nocache=5488156885 HTTP/1.1" 200 41672
::1 - - [07/Dec/2017:14:50:55 +0800] "GET /phpmyadmin/js/sql.js?ts=1324451272 HTTP/1.1" 304 -
::1 - - [07/Dec/2017:14:50:55 +0800] "GET /phpmyadmin/js/config.js?ts=1324451272 HTTP/1.1" 304 -
::1 - - [07/Dec/2017:14:50:55 +0800] "GET /phpmyadmin/js/jquery/jquery.qtip-1.0.0.min.js?ts=1324451272 HTTP/1.1" 304 -
::1 - - [07/Dec/2017:14:50:55 +0800] "GET /phpmyadmin/js/pMap.js?ts=1324451272 HTTP/1.1" 304 -
::1 - - [07/Dec/2017:14:50:55 +0800] "GET /phpmyadmin/themes/pmahomme/img/input_bg.gif HTTP/1.1" 304 -
::1 - - [07/Dec/2017:14:50:55 +0800] "GET /phpmyadmin/themes/pmahomme/img/left_nav_bg.png HTTP/1.1" 304 -
::1 - - [07/Dec/2017:14:50:55 +0800] "GET /phpmyadmin/themes/pmahomme/img/b_selboard.png HTTP/1.1" 304 -
::1 - - [07/Dec/2017:14:50:55 +0800] "GET /phpmyadmin/themes/pmahomme/img/s_loggoff.png HTTP/1.1" 304 -
::1 - - [07/Dec/2017:14:50:55 +0800] "GET /phpmyadmin/themes/pmahomme/img/b_sqlhelp.png HTTP/1.1" 304 -
::1 - - [07/Dec/2017:14:50:55 +0800] "GET /phpmyadmin/themes/pmahomme/img/b_docs.png HTTP/1.1" 304 -
::1 - - [07/Dec/2017:14:50:55 +0800] "GET /phpmyadmin/themes/pmahomme/img/s_reload.png HTTP/1.1" 304 -
::1 - - [07/Dec/2017:14:50:55 +0800] "GET /phpmyadmin/js/jquery/jquery-ui-1.8.custom.js?ts=1324451272 HTTP/1.1" 304 -
::1 - - [07/Dec/2017:14:50:55 +0800] "GET /phpmyadmin/themes/pmahomme/img/item_ltr.png HTTP/1.1" 304 -
::1 - - [07/Dec/2017:14:50:55 +0800] "GET /phpmyadmin/themes/pmahomme/img/b_snewtbl.png HTTP/1.1" 304 -
::1 - - [07/Dec/2017:14:50:55 +0800] "GET /phpmyadmin/js/messages.php?lang=en&db=forum&token=2b47961d5883eba01a7aacd2dd165107 HTTP/1.1" 200 4939
::1 - - [07/Dec/2017:14:50:55 +0800] "GET /phpmyadmin/themes/pmahomme/img/s_db.png HTTP/1.1" 304 -
::1 - - [07/Dec/2017:14:50:55 +0800] "GET /phpmyadmin/themes/pmahomme/img/s_tbl.png HTTP/1.1" 304 -
::1 - - [07/Dec/2017:14:50:55 +0800] "GET /phpmyadmin/themes/pmahomme/img/b_browse.png HTTP/1.1" 304 -
::1 - - [07/Dec/2017:14:50:55 +0800] "GET /phpmyadmin/themes/pmahomme/img/b_sbrowse.png HTTP/1.1" 304 -
::1 - - [07/Dec/2017:14:50:55 +0800] "GET /phpmyadmin/themes/pmahomme/img/s_host.png HTTP/1.1" 304 -
::1 - - [07/Dec/2017:14:50:55 +0800] "GET /phpmyadmin/themes/pmahomme/img/b_insrow.png HTTP/1.1" 304 -
::1 - - [07/Dec/2017:14:50:55 +0800] "GET /phpmyadmin/themes/pmahomme/img/b_props.png HTTP/1.1" 304 -
::1 - - [07/Dec/2017:14:50:55 +0800] "GET /phpmyadmin/themes/pmahomme/img/b_search.png HTTP/1.1" 304 -
::1 - - [07/Dec/2017:14:50:55 +0800] "GET /phpmyadmin/themes/pmahomme/img/b_sql.png HTTP/1.1" 304 -
::1 - - [07/Dec/2017:14:50:55 +0800] "GET /phpmyadmin/themes/pmahomme/img/b_tblops.png HTTP/1.1" 304 -
::1 - - [07/Dec/2017:14:50:55 +0800] "GET /phpmyadmin/themes/pmahomme/img/s_fulltext.png HTTP/1.1" 304 -
::1 - - [07/Dec/2017:14:50:55 +0800] "GET /phpmyadmin/themes/pmahomme/img/b_edit.png HTTP/1.1" 304 -
::1 - - [07/Dec/2017:14:50:55 +0800] "GET /phpmyadmin/themes/pmahomme/img/b_drop.png HTTP/1.1" 304 -
::1 - - [07/Dec/2017:14:50:55 +0800] "GET /phpmyadmin/themes/pmahomme/img/b_tblimport.png HTTP/1.1" 304 -
::1 - - [07/Dec/2017:14:50:55 +0800] "GET /phpmyadmin/themes/pmahomme/img/b_tblexport.png HTTP/1.1" 304 -
::1 - - [07/Dec/2017:14:50:55 +0800] "GET /phpmyadmin/themes/pmahomme/img/b_help.png HTTP/1.1" 304 -
::1 - - [07/Dec/2017:14:50:55 +0800] "GET /phpmyadmin/themes/pmahomme/img/window-new.png HTTP/1.1" 304 -
::1 - - [07/Dec/2017:14:50:55 +0800] "GET /phpmyadmin/themes/pmahomme/img/b_chart.png HTTP/1.1" 304 -
::1 - - [07/Dec/2017:14:50:55 +0800] "GET /phpmyadmin/themes/pmahomme/img/arrow_ltr.png HTTP/1.1" 304 -
::1 - - [07/Dec/2017:14:50:55 +0800] "GET /phpmyadmin/themes/pmahomme/img/b_views.png HTTP/1.1" 304 -
::1 - - [07/Dec/2017:14:50:55 +0800] "GET /phpmyadmin/themes/pmahomme/img/b_print.png HTTP/1.1" 304 -
::1 - - [07/Dec/2017:14:50:55 +0800] "GET /phpmyadmin/themes/pmahomme/img/b_more.png HTTP/1.1" 304 -
::1 - - [07/Dec/2017:14:50:56 +0800] "GET /phpmyadmin/themes/pmahomme/img/b_inline_edit.png HTTP/1.1" 304 -
::1 - - [07/Dec/2017:14:50:56 +0800] "GET /phpmyadmin/themes/pmahomme/img/tab_bg.png HTTP/1.1" 304 -
::1 - - [07/Dec/2017:14:50:56 +0800] "GET /phpmyadmin/themes/pmahomme/img/s_success.png HTTP/1.1" 304 -
::1 - - [07/Dec/2017:14:50:56 +0800] "GET /phpmyadmin/themes/pmahomme/img/s_notice.png HTTP/1.1" 304 -
::1 - - [07/Dec/2017:14:50:57 +0800] "GET /phpmyadmin/tbl_structure.php?db=forum&table=topics&token=2b47961d5883eba01a7aacd2dd165107 HTTP/1.1" 200 43143
::1 - - [07/Dec/2017:14:51:01 +0800] "GET /phpmyadmin/sql.php?db=forum&table=topics&token=2b47961d5883eba01a7aacd2dd165107&pos=0 HTTP/1.1" 200 21898
::1 - - [07/Dec/2017:14:51:14 +0800] "GET /phpmyadmin/tbl_structure.php?db=forum&table=topics&token=2b47961d5883eba01a7aacd2dd165107 HTTP/1.1" 200 43143
::1 - - [07/Dec/2017:14:52:23 +0800] "GET /phpmyadmin/tbl_sql.php?db=forum&table=topics&token=2b47961d5883eba01a7aacd2dd165107 HTTP/1.1" 200 10401
::1 - - [07/Dec/2017:14:52:25 +0800] "GET /phpmyadmin/navigation.php?server=1&token=2b47961d5883eba01a7aacd2dd165107&db=test&table=topics&lang=en&collation_connection=utf8_general_ci HTTP/1.1" 200 5112
::1 - - [07/Dec/2017:14:52:25 +0800] "GET /phpmyadmin/db_structure.php?server=1&token=2b47961d5883eba01a7aacd2dd165107&db=test&table=&lang=en&collation_connection=utf8_general_ci HTTP/1.1" 200 15256
::1 - - [07/Dec/2017:14:52:27 +0800] "GET /phpmyadmin/navigation.php?server=1&token=2b47961d5883eba01a7aacd2dd165107&db=forum&table=&lang=en&collation_connection=utf8_general_ci HTTP/1.1" 200 5565
::1 - - [07/Dec/2017:14:52:27 +0800] "GET /phpmyadmin/db_structure.php?server=1&token=2b47961d5883eba01a7aacd2dd165107&db=forum&table=&lang=en&collation_connection=utf8_general_ci HTTP/1.1" 200 18202
::1 - - [07/Dec/2017:14:52:27 +0800] "GET /phpmyadmin/db_sql.php?db=forum&server=1&token=2b47961d5883eba01a7aacd2dd165107&db_query_force=1 HTTP/1.1" 200 9071
::1 - - [07/Dec/2017:14:52:50 +0800] "GET /phpmyadmin/sql.php?db=forum&token=2b47961d5883eba01a7aacd2dd165107&table=reply&pos=0 HTTP/1.1" 200 46531
::1 - - [07/Dec/2017:14:52:50 +0800] "GET /phpmyadmin/sql.php?db=forum&token=2b47961d5883eba01a7aacd2dd165107&table=topics&pos=0 HTTP/1.1" 200 21898
::1 - - [07/Dec/2017:14:52:51 +0800] "GET /phpmyadmin/tbl_structure.php?db=forum&table=topics&token=2b47961d5883eba01a7aacd2dd165107 HTTP/1.1" 200 43143
::1 - - [07/Dec/2017:14:53:19 +0800] "POST /phpmyadmin/import.php HTTP/1.1" 200 2389
::1 - - [07/Dec/2017:14:53:20 +0800] "POST /phpmyadmin/db_sql.php HTTP/1.1" 200 9044
::1 - - [07/Dec/2017:14:53:20 +0800] "GET /phpmyadmin/navigation.php?db=forum&token=2b47961d5883eba01a7aacd2dd165107 HTTP/1.1" 200 5565
::1 - - [07/Dec/2017:14:53:22 +0800] "GET /phpmyadmin/index.php?db=forum&table=topics&target=sql.php&token=2b47961d5883eba01a7aacd2dd165107 HTTP/1.1" 200 2698
::1 - - [07/Dec/2017:14:53:22 +0800] "GET /phpmyadmin/js/jquery/jquery-1.4.4.js?ts=1324451272 HTTP/1.1" 304 -
::1 - - [07/Dec/2017:14:53:22 +0800] "GET /phpmyadmin/js/common.js?ts=1324451272 HTTP/1.1" 304 -
::1 - - [07/Dec/2017:14:53:22 +0800] "GET /phpmyadmin/js/update-location.js?ts=1324451272 HTTP/1.1" 304 -
::1 - - [07/Dec/2017:14:53:22 +0800] "GET /phpmyadmin/navigation.php?target=sql.php&token=2b47961d5883eba01a7aacd2dd165107&db=forum&table=topics HTTP/1.1" 200 5582
::1 - - [07/Dec/2017:14:53:22 +0800] "GET /phpmyadmin/js/jquery/jquery-1.4.4.js HTTP/1.1" 304 -
::1 - - [07/Dec/2017:14:53:22 +0800] "GET /phpmyadmin/themes/pmahomme/img/logo_left.png HTTP/1.1" 304 -
::1 - - [07/Dec/2017:14:53:22 +0800] "GET /phpmyadmin/themes/pmahomme/img/s_loggoff.png HTTP/1.1" 304 -
::1 - - [07/Dec/2017:14:53:22 +0800] "GET /phpmyadmin/themes/pmahomme/img/b_selboard.png HTTP/1.1" 304 -
::1 - - [07/Dec/2017:14:53:22 +0800] "GET /phpmyadmin/themes/pmahomme/img/b_docs.png HTTP/1.1" 304 -
::1 - - [07/Dec/2017:14:53:22 +0800] "GET /phpmyadmin/js/navigation.js HTTP/1.1" 304 -
::1 - - [07/Dec/2017:14:53:22 +0800] "GET /phpmyadmin/js/functions.js HTTP/1.1" 304 -
::1 - - [07/Dec/2017:14:53:22 +0800] "GET /phpmyadmin/themes/pmahomme/img/s_reload.png HTTP/1.1" 304 -
::1 - - [07/Dec/2017:14:53:22 +0800] "GET /phpmyadmin/themes/pmahomme/img/b_sqlhelp.png HTTP/1.1" 304 -
::1 - - [07/Dec/2017:14:53:22 +0800] "GET /phpmyadmin/themes/pmahomme/img/b_sbrowse.png HTTP/1.1" 304 -
::1 - - [07/Dec/2017:14:53:22 +0800] "GET /phpmyadmin/themes/pmahomme/img/b_snewtbl.png HTTP/1.1" 304 -
::1 - - [07/Dec/2017:14:53:22 +0800] "GET /phpmyadmin/themes/pmahomme/img/b_home.png HTTP/1.1" 304 -
::1 - - [07/Dec/2017:14:53:22 +0800] "GET /phpmyadmin/print.css HTTP/1.1" 304 -
::1 - - [07/Dec/2017:14:53:22 +0800] "GET /phpmyadmin/themes/pmahomme/jquery/jquery-ui-1.8.custom.css HTTP/1.1" 304 -
::1 - - [07/Dec/2017:14:53:22 +0800] "GET /phpmyadmin/js/cross_framing_protection.js?ts=1324451272 HTTP/1.1" 304 -
::1 - - [07/Dec/2017:14:53:22 +0800] "GET /phpmyadmin/js/jquery/jquery-1.4.4.js?ts=1324451272 HTTP/1.1" 304 -
::1 - - [07/Dec/2017:14:53:22 +0800] "GET /phpmyadmin/js/update-location.js?ts=1324451272 HTTP/1.1" 304 -
::1 - - [07/Dec/2017:14:53:22 +0800] "GET /phpmyadmin/js/jquery/jquery-ui-1.8.custom.js?ts=1324451272 HTTP/1.1" 304 -
::1 - - [07/Dec/2017:14:53:22 +0800] "GET /phpmyadmin/js/pMap.js?ts=1324451272 HTTP/1.1" 304 -
::1 - - [07/Dec/2017:14:53:22 +0800] "GET /phpmyadmin/js/sql.js?ts=1324451272 HTTP/1.1" 304 -
::1 - - [07/Dec/2017:14:53:22 +0800] "GET /phpmyadmin/js/functions.js?ts=1324451272 HTTP/1.1" 304 -
::1 - - [07/Dec/2017:14:53:22 +0800] "GET /phpmyadmin/js/config.js?ts=1324451272 HTTP/1.1" 304 -
::1 - - [07/Dec/2017:14:53:22 +0800] "GET /phpmyadmin/js/jquery/jquery.qtip-1.0.0.min.js?ts=1324451272 HTTP/1.1" 304 -
::1 - - [07/Dec/2017:14:53:22 +0800] "GET /phpmyadmin/themes/pmahomme/img/item_ltr.png HTTP/1.1" 304 -
::1 - - [07/Dec/2017:14:53:22 +0800] "GET /phpmyadmin/themes/pmahomme/img/s_db.png HTTP/1.1" 304 -
::1 - - [07/Dec/2017:14:53:22 +0800] "GET /phpmyadmin/themes/pmahomme/img/s_tbl.png HTTP/1.1" 304 -
::1 - - [07/Dec/2017:14:53:22 +0800] "GET /phpmyadmin/themes/pmahomme/img/b_browse.png HTTP/1.1" 304 -
::1 - - [07/Dec/2017:14:53:22 +0800] "GET /phpmyadmin/themes/pmahomme/img/s_host.png HTTP/1.1" 304 -
::1 - - [07/Dec/2017:14:53:22 +0800] "GET /phpmyadmin/themes/pmahomme/img/b_sql.png HTTP/1.1" 304 -
::1 - - [07/Dec/2017:14:53:22 +0800] "GET /phpmyadmin/themes/pmahomme/img/b_search.png HTTP/1.1" 304 -
::1 - - [07/Dec/2017:14:53:22 +0800] "GET /phpmyadmin/themes/pmahomme/img/b_insrow.png HTTP/1.1" 304 -
::1 - - [07/Dec/2017:14:53:22 +0800] "GET /phpmyadmin/themes/pmahomme/img/b_tblexport.png HTTP/1.1" 304 -
::1 - - [07/Dec/2017:14:53:22 +0800] "GET /phpmyadmin/themes/pmahomme/img/b_tblimport.png HTTP/1.1" 304 -
::1 - - [07/Dec/2017:14:53:22 +0800] "GET /phpmyadmin/themes/pmahomme/img/b_props.png HTTP/1.1" 304 -
::1 - - [07/Dec/2017:14:53:22 +0800] "GET /phpmyadmin/themes/pmahomme/img/b_help.png HTTP/1.1" 304 -
::1 - - [07/Dec/2017:14:53:22 +0800] "GET /phpmyadmin/themes/pmahomme/img/b_tblops.png HTTP/1.1" 304 -
::1 - - [07/Dec/2017:14:53:22 +0800] "GET /phpmyadmin/themes/pmahomme/img/s_fulltext.png HTTP/1.1" 304 -
::1 - - [07/Dec/2017:14:53:22 +0800] "GET /phpmyadmin/themes/pmahomme/img/b_drop.png HTTP/1.1" 304 -
::1 - - [07/Dec/2017:14:53:22 +0800] "GET /phpmyadmin/themes/pmahomme/img/arrow_ltr.png HTTP/1.1" 304 -
::1 - - [07/Dec/2017:14:53:22 +0800] "GET /phpmyadmin/themes/pmahomme/img/b_edit.png HTTP/1.1" 304 -
::1 - - [07/Dec/2017:14:53:22 +0800] "GET /phpmyadmin/sql.php?target=sql.php&token=2b47961d5883eba01a7aacd2dd165107&db=forum&table=topics HTTP/1.1" 200 21907
::1 - - [07/Dec/2017:14:53:22 +0800] "GET /phpmyadmin/themes/pmahomme/img/b_print.png HTTP/1.1" 304 -
::1 - - [07/Dec/2017:14:53:22 +0800] "GET /phpmyadmin/themes/pmahomme/img/b_chart.png HTTP/1.1" 304 -
::1 - - [07/Dec/2017:14:53:22 +0800] "GET /phpmyadmin/themes/pmahomme/img/b_views.png HTTP/1.1" 304 -
::1 - - [07/Dec/2017:14:53:22 +0800] "GET /phpmyadmin/themes/pmahomme/img/window-new.png HTTP/1.1" 304 -
::1 - - [07/Dec/2017:14:53:22 +0800] "GET /phpmyadmin/phpmyadmin.css.php?token=2b47961d5883eba01a7aacd2dd165107&js_frame=left&nocache=5488156885 HTTP/1.1" 200 5861
::1 - - [07/Dec/2017:14:53:22 +0800] "GET /phpmyadmin/phpmyadmin.css.php?server=1&token=2b47961d5883eba01a7aacd2dd165107&js_frame=right&nocache=5488156885 HTTP/1.1" 200 41672
::1 - - [07/Dec/2017:14:53:22 +0800] "GET /phpmyadmin/js/messages.php?lang=en&db=forum&token=2b47961d5883eba01a7aacd2dd165107 HTTP/1.1" 200 4939
::1 - - [07/Dec/2017:14:53:22 +0800] "GET /phpmyadmin/themes/pmahomme/img/b_more.png HTTP/1.1" 304 -
::1 - - [07/Dec/2017:14:53:22 +0800] "GET /phpmyadmin/themes/pmahomme/img/b_inline_edit.png HTTP/1.1" 304 -
::1 - - [07/Dec/2017:14:53:23 +0800] "GET /phpmyadmin/tbl_structure.php?db=forum&table=topics&token=2b47961d5883eba01a7aacd2dd165107 HTTP/1.1" 200 43143
::1 - - [07/Dec/2017:14:53:50 +0800] "POST /phpmyadmin/import.php HTTP/1.1" 200 2379
::1 - - [07/Dec/2017:14:53:50 +0800] "POST /phpmyadmin/import.php HTTP/1.1" 200 2379
::1 - - [07/Dec/2017:14:53:50 +0800] "POST /phpmyadmin/db_sql.php HTTP/1.1" 200 9040
::1 - - [07/Dec/2017:14:53:51 +0800] "POST /phpmyadmin/db_sql.php HTTP/1.1" 200 9040
::1 - - [07/Dec/2017:14:53:51 +0800] "GET /phpmyadmin/navigation.php?db=forum&token=2b47961d5883eba01a7aacd2dd165107 HTTP/1.1" 200 5565
::1 - - [07/Dec/2017:14:53:51 +0800] "GET /phpmyadmin/navigation.php?db=forum&token=2b47961d5883eba01a7aacd2dd165107 HTTP/1.1" 200 5565
::1 - - [07/Dec/2017:14:53:52 +0800] "GET /phpmyadmin/index.php?db=forum&table=topics&target=sql.php&token=2b47961d5883eba01a7aacd2dd165107 HTTP/1.1" 200 2698
::1 - - [07/Dec/2017:14:53:52 +0800] "GET /phpmyadmin/js/jquery/jquery-1.4.4.js?ts=1324451272 HTTP/1.1" 304 -
::1 - - [07/Dec/2017:14:53:52 +0800] "GET /phpmyadmin/js/update-location.js?ts=1324451272 HTTP/1.1" 304 -
::1 - - [07/Dec/2017:14:53:52 +0800] "GET /phpmyadmin/js/common.js?ts=1324451272 HTTP/1.1" 304 -
::1 - - [07/Dec/2017:14:53:52 +0800] "GET /phpmyadmin/navigation.php?target=sql.php&token=2b47961d5883eba01a7aacd2dd165107&db=forum&table=topics HTTP/1.1" 200 5582
::1 - - [07/Dec/2017:14:53:52 +0800] "GET /phpmyadmin/js/navigation.js HTTP/1.1" 304 -
::1 - - [07/Dec/2017:14:53:52 +0800] "GET /phpmyadmin/js/jquery/jquery-1.4.4.js HTTP/1.1" 304 -
::1 - - [07/Dec/2017:14:53:52 +0800] "GET /phpmyadmin/js/functions.js HTTP/1.1" 304 -
::1 - - [07/Dec/2017:14:53:52 +0800] "GET /phpmyadmin/themes/pmahomme/img/logo_left.png HTTP/1.1" 304 -
::1 - - [07/Dec/2017:14:53:52 +0800] "GET /phpmyadmin/themes/pmahomme/img/b_home.png HTTP/1.1" 304 -
::1 - - [07/Dec/2017:14:53:52 +0800] "GET /phpmyadmin/themes/pmahomme/img/b_docs.png HTTP/1.1" 304 -
::1 - - [07/Dec/2017:14:53:52 +0800] "GET /phpmyadmin/themes/pmahomme/img/b_selboard.png HTTP/1.1" 304 -
::1 - - [07/Dec/2017:14:53:52 +0800] "GET /phpmyadmin/themes/pmahomme/img/s_loggoff.png HTTP/1.1" 304 -
::1 - - [07/Dec/2017:14:53:52 +0800] "GET /phpmyadmin/themes/pmahomme/img/b_sqlhelp.png HTTP/1.1" 304 -
::1 - - [07/Dec/2017:14:53:52 +0800] "GET /phpmyadmin/themes/pmahomme/img/b_sbrowse.png HTTP/1.1" 304 -
::1 - - [07/Dec/2017:14:53:52 +0800] "GET /phpmyadmin/themes/pmahomme/img/s_reload.png HTTP/1.1" 304 -
::1 - - [07/Dec/2017:14:53:52 +0800] "GET /phpmyadmin/themes/pmahomme/img/b_snewtbl.png HTTP/1.1" 304 -
::1 - - [07/Dec/2017:14:53:52 +0800] "GET /phpmyadmin/print.css HTTP/1.1" 304 -
::1 - - [07/Dec/2017:14:53:52 +0800] "GET /phpmyadmin/themes/pmahomme/jquery/jquery-ui-1.8.custom.css HTTP/1.1" 304 -
::1 - - [07/Dec/2017:14:53:52 +0800] "GET /phpmyadmin/js/cross_framing_protection.js?ts=1324451272 HTTP/1.1" 304 -
::1 - - [07/Dec/2017:14:53:52 +0800] "GET /phpmyadmin/js/update-location.js?ts=1324451272 HTTP/1.1" 304 -
::1 - - [07/Dec/2017:14:53:52 +0800] "GET /phpmyadmin/js/jquery/jquery-ui-1.8.custom.js?ts=1324451272 HTTP/1.1" 304 -
::1 - - [07/Dec/2017:14:53:52 +0800] "GET /phpmyadmin/js/pMap.js?ts=1324451272 HTTP/1.1" 304 -
::1 - - [07/Dec/2017:14:53:52 +0800] "GET /phpmyadmin/js/functions.js?ts=1324451272 HTTP/1.1" 304 -
::1 - - [07/Dec/2017:14:53:52 +0800] "GET /phpmyadmin/js/jquery/jquery-1.4.4.js?ts=1324451272 HTTP/1.1" 304 -
::1 - - [07/Dec/2017:14:53:52 +0800] "GET /phpmyadmin/js/sql.js?ts=1324451272 HTTP/1.1" 304 -
::1 - - [07/Dec/2017:14:53:52 +0800] "GET /phpmyadmin/js/config.js?ts=1324451272 HTTP/1.1" 304 -
::1 - - [07/Dec/2017:14:53:52 +0800] "GET /phpmyadmin/js/jquery/jquery.qtip-1.0.0.min.js?ts=1324451272 HTTP/1.1" 304 -
::1 - - [07/Dec/2017:14:53:52 +0800] "GET /phpmyadmin/themes/pmahomme/img/s_host.png HTTP/1.1" 304 -
::1 - - [07/Dec/2017:14:53:52 +0800] "GET /phpmyadmin/themes/pmahomme/img/item_ltr.png HTTP/1.1" 304 -
::1 - - [07/Dec/2017:14:53:52 +0800] "GET /phpmyadmin/themes/pmahomme/img/s_db.png HTTP/1.1" 304 -
::1 - - [07/Dec/2017:14:53:52 +0800] "GET /phpmyadmin/themes/pmahomme/img/b_browse.png HTTP/1.1" 304 -
::1 - - [07/Dec/2017:14:53:52 +0800] "GET /phpmyadmin/themes/pmahomme/img/s_tbl.png HTTP/1.1" 304 -
::1 - - [07/Dec/2017:14:53:52 +0800] "GET /phpmyadmin/themes/pmahomme/img/b_props.png HTTP/1.1" 304 -
::1 - - [07/Dec/2017:14:53:52 +0800] "GET /phpmyadmin/themes/pmahomme/img/b_sql.png HTTP/1.1" 304 -
::1 - - [07/Dec/2017:14:53:52 +0800] "GET /phpmyadmin/themes/pmahomme/img/b_search.png HTTP/1.1" 304 -
::1 - - [07/Dec/2017:14:53:52 +0800] "GET /phpmyadmin/themes/pmahomme/img/b_insrow.png HTTP/1.1" 304 -
::1 - - [07/Dec/2017:14:53:52 +0800] "GET /phpmyadmin/themes/pmahomme/img/b_tblimport.png HTTP/1.1" 304 -
::1 - - [07/Dec/2017:14:53:52 +0800] "GET /phpmyadmin/themes/pmahomme/img/b_tblops.png HTTP/1.1" 304 -
::1 - - [07/Dec/2017:14:53:52 +0800] "GET /phpmyadmin/themes/pmahomme/img/b_tblexport.png HTTP/1.1" 304 -
::1 - - [07/Dec/2017:14:53:52 +0800] "GET /phpmyadmin/themes/pmahomme/img/s_fulltext.png HTTP/1.1" 304 -
::1 - - [07/Dec/2017:14:53:52 +0800] "GET /phpmyadmin/themes/pmahomme/img/b_edit.png HTTP/1.1" 304 -
::1 - - [07/Dec/2017:14:53:52 +0800] "GET /phpmyadmin/sql.php?target=sql.php&token=2b47961d5883eba01a7aacd2dd165107&db=forum&table=topics HTTP/1.1" 200 21907
::1 - - [07/Dec/2017:14:53:52 +0800] "GET /phpmyadmin/themes/pmahomme/img/b_help.png HTTP/1.1" 304 -
::1 - - [07/Dec/2017:14:53:52 +0800] "GET /phpmyadmin/themes/pmahomme/img/b_drop.png HTTP/1.1" 304 -
::1 - - [07/Dec/2017:14:53:52 +0800] "GET /phpmyadmin/themes/pmahomme/img/arrow_ltr.png HTTP/1.1" 304 -
::1 - - [07/Dec/2017:14:53:52 +0800] "GET /phpmyadmin/themes/pmahomme/img/b_print.png HTTP/1.1" 304 -
::1 - - [07/Dec/2017:14:53:52 +0800] "GET /phpmyadmin/themes/pmahomme/img/b_chart.png HTTP/1.1" 304 -
::1 - - [07/Dec/2017:14:53:52 +0800] "GET /phpmyadmin/themes/pmahomme/img/b_views.png HTTP/1.1" 304 -
::1 - - [07/Dec/2017:14:53:52 +0800] "GET /phpmyadmin/themes/pmahomme/img/window-new.png HTTP/1.1" 304 -
::1 - - [07/Dec/2017:14:53:52 +0800] "GET /phpmyadmin/phpmyadmin.css.php?token=2b47961d5883eba01a7aacd2dd165107&js_frame=left&nocache=5488156885 HTTP/1.1" 200 5861
::1 - - [07/Dec/2017:14:53:52 +0800] "GET /phpmyadmin/phpmyadmin.css.php?server=1&token=2b47961d5883eba01a7aacd2dd165107&js_frame=right&nocache=5488156885 HTTP/1.1" 200 41672
::1 - - [07/Dec/2017:14:53:52 +0800] "GET /phpmyadmin/js/messages.php?lang=en&db=forum&token=2b47961d5883eba01a7aacd2dd165107 HTTP/1.1" 200 4939
::1 - - [07/Dec/2017:14:53:52 +0800] "GET /phpmyadmin/themes/pmahomme/img/b_more.png HTTP/1.1" 304 -
::1 - - [07/Dec/2017:14:53:52 +0800] "GET /phpmyadmin/themes/pmahomme/img/b_inline_edit.png HTTP/1.1" 304 -
::1 - - [07/Dec/2017:14:53:54 +0800] "GET /phpmyadmin/tbl_structure.php?db=forum&table=topics&token=2b47961d5883eba01a7aacd2dd165107 HTTP/1.1" 200 43143
::1 - - [07/Dec/2017:14:54:23 +0800] "POST /phpmyadmin/import.php HTTP/1.1" 200 2384
::1 - - [07/Dec/2017:14:54:23 +0800] "POST /phpmyadmin/import.php HTTP/1.1" 200 2384
::1 - - [07/Dec/2017:14:54:23 +0800] "POST /phpmyadmin/import.php HTTP/1.1" 200 2384
::1 - - [07/Dec/2017:14:54:23 +0800] "POST /phpmyadmin/import.php HTTP/1.1" 200 2384
::1 - - [07/Dec/2017:14:54:23 +0800] "POST /phpmyadmin/db_sql.php HTTP/1.1" 200 9042
::1 - - [07/Dec/2017:14:54:23 +0800] "POST /phpmyadmin/db_sql.php HTTP/1.1" 200 9042
::1 - - [07/Dec/2017:14:54:24 +0800] "POST /phpmyadmin/db_sql.php HTTP/1.1" 200 9042
::1 - - [07/Dec/2017:14:54:24 +0800] "POST /phpmyadmin/db_sql.php HTTP/1.1" 200 9042
::1 - - [07/Dec/2017:14:54:24 +0800] "GET /phpmyadmin/navigation.php?db=forum&token=2b47961d5883eba01a7aacd2dd165107 HTTP/1.1" 200 5565
::1 - - [07/Dec/2017:14:54:24 +0800] "GET /phpmyadmin/navigation.php?db=forum&token=2b47961d5883eba01a7aacd2dd165107 HTTP/1.1" 200 5565
::1 - - [07/Dec/2017:14:54:24 +0800] "GET /phpmyadmin/navigation.php?db=forum&token=2b47961d5883eba01a7aacd2dd165107 HTTP/1.1" 200 5565
::1 - - [07/Dec/2017:14:54:25 +0800] "GET /phpmyadmin/navigation.php?db=forum&token=2b47961d5883eba01a7aacd2dd165107 HTTP/1.1" 200 5565
::1 - - [07/Dec/2017:14:54:25 +0800] "GET /phpmyadmin/index.php?db=forum&table=topics&target=sql.php&token=2b47961d5883eba01a7aacd2dd165107 HTTP/1.1" 200 2698
::1 - - [07/Dec/2017:14:54:25 +0800] "GET /phpmyadmin/js/jquery/jquery-1.4.4.js?ts=1324451272 HTTP/1.1" 304 -
::1 - - [07/Dec/2017:14:54:25 +0800] "GET /phpmyadmin/js/update-location.js?ts=1324451272 HTTP/1.1" 304 -
::1 - - [07/Dec/2017:14:54:25 +0800] "GET /phpmyadmin/js/common.js?ts=1324451272 HTTP/1.1" 304 -
::1 - - [07/Dec/2017:14:54:25 +0800] "GET /phpmyadmin/navigation.php?target=sql.php&token=2b47961d5883eba01a7aacd2dd165107&db=forum&table=topics HTTP/1.1" 200 5582
::1 - - [07/Dec/2017:14:54:25 +0800] "GET /phpmyadmin/js/jquery/jquery-1.4.4.js HTTP/1.1" 304 -
::1 - - [07/Dec/2017:14:54:25 +0800] "GET /phpmyadmin/js/navigation.js HTTP/1.1" 304 -
::1 - - [07/Dec/2017:14:54:25 +0800] "GET /phpmyadmin/js/functions.js HTTP/1.1" 304 -
::1 - - [07/Dec/2017:14:54:25 +0800] "GET /phpmyadmin/themes/pmahomme/img/logo_left.png HTTP/1.1" 304 -
::1 - - [07/Dec/2017:14:54:25 +0800] "GET /phpmyadmin/themes/pmahomme/img/b_home.png HTTP/1.1" 304 -
::1 - - [07/Dec/2017:14:54:25 +0800] "GET /phpmyadmin/themes/pmahomme/img/s_loggoff.png HTTP/1.1" 304 -
::1 - - [07/Dec/2017:14:54:25 +0800] "GET /phpmyadmin/themes/pmahomme/img/b_sqlhelp.png HTTP/1.1" 304 -
::1 - - [07/Dec/2017:14:54:25 +0800] "GET /phpmyadmin/themes/pmahomme/img/s_reload.png HTTP/1.1" 304 -
::1 - - [07/Dec/2017:14:54:25 +0800] "GET /phpmyadmin/themes/pmahomme/img/b_sbrowse.png HTTP/1.1" 304 -
::1 - - [07/Dec/2017:14:54:25 +0800] "GET /phpmyadmin/themes/pmahomme/img/b_snewtbl.png HTTP/1.1" 304 -
::1 - - [07/Dec/2017:14:54:25 +0800] "GET /phpmyadmin/themes/pmahomme/img/b_docs.png HTTP/1.1" 304 -
::1 - - [07/Dec/2017:14:54:25 +0800] "GET /phpmyadmin/themes/pmahomme/img/b_selboard.png HTTP/1.1" 304 -
::1 - - [07/Dec/2017:14:54:25 +0800] "GET /phpmyadmin/print.css HTTP/1.1" 304 -
::1 - - [07/Dec/2017:14:54:25 +0800] "GET /phpmyadmin/themes/pmahomme/jquery/jquery-ui-1.8.custom.css HTTP/1.1" 304 -
::1 - - [07/Dec/2017:14:54:25 +0800] "GET /phpmyadmin/js/jquery/jquery-1.4.4.js?ts=1324451272 HTTP/1.1" 304 -
::1 - - [07/Dec/2017:14:54:25 +0800] "GET /phpmyadmin/js/cross_framing_protection.js?ts=1324451272 HTTP/1.1" 304 -
::1 - - [07/Dec/2017:14:54:25 +0800] "GET /phpmyadmin/js/update-location.js?ts=1324451272 HTTP/1.1" 304 -
::1 - - [07/Dec/2017:14:54:25 +0800] "GET /phpmyadmin/js/pMap.js?ts=1324451272 HTTP/1.1" 304 -
::1 - - [07/Dec/2017:14:54:25 +0800] "GET /phpmyadmin/js/jquery/jquery-ui-1.8.custom.js?ts=1324451272 HTTP/1.1" 304 -
::1 - - [07/Dec/2017:14:54:25 +0800] "GET /phpmyadmin/js/functions.js?ts=1324451272 HTTP/1.1" 304 -
::1 - - [07/Dec/2017:14:54:25 +0800] "GET /phpmyadmin/js/sql.js?ts=1324451272 HTTP/1.1" 304 -
::1 - - [07/Dec/2017:14:54:25 +0800] "GET /phpmyadmin/js/config.js?ts=1324451272 HTTP/1.1" 304 -
::1 - - [07/Dec/2017:14:54:25 +0800] "GET /phpmyadmin/js/jquery/jquery.qtip-1.0.0.min.js?ts=1324451272 HTTP/1.1" 304 -
::1 - - [07/Dec/2017:14:54:25 +0800] "GET /phpmyadmin/themes/pmahomme/img/s_host.png HTTP/1.1" 304 -
::1 - - [07/Dec/2017:14:54:25 +0800] "GET /phpmyadmin/themes/pmahomme/img/item_ltr.png HTTP/1.1" 304 -
::1 - - [07/Dec/2017:14:54:25 +0800] "GET /phpmyadmin/themes/pmahomme/img/s_db.png HTTP/1.1" 304 -
::1 - - [07/Dec/2017:14:54:25 +0800] "GET /phpmyadmin/themes/pmahomme/img/s_tbl.png HTTP/1.1" 304 -
::1 - - [07/Dec/2017:14:54:25 +0800] "GET /phpmyadmin/themes/pmahomme/img/b_props.png HTTP/1.1" 304 -
::1 - - [07/Dec/2017:14:54:25 +0800] "GET /phpmyadmin/themes/pmahomme/img/b_sql.png HTTP/1.1" 304 -
::1 - - [07/Dec/2017:14:54:25 +0800] "GET /phpmyadmin/themes/pmahomme/img/b_browse.png HTTP/1.1" 304 -
::1 - - [07/Dec/2017:14:54:25 +0800] "GET /phpmyadmin/themes/pmahomme/img/b_insrow.png HTTP/1.1" 304 -
::1 - - [07/Dec/2017:14:54:25 +0800] "GET /phpmyadmin/themes/pmahomme/img/b_search.png HTTP/1.1" 304 -
::1 - - [07/Dec/2017:14:54:25 +0800] "GET /phpmyadmin/themes/pmahomme/img/b_tblexport.png HTTP/1.1" 304 -
::1 - - [07/Dec/2017:14:54:25 +0800] "GET /phpmyadmin/themes/pmahomme/img/b_tblimport.png HTTP/1.1" 304 -
::1 - - [07/Dec/2017:14:54:25 +0800] "GET /phpmyadmin/themes/pmahomme/img/b_help.png HTTP/1.1" 304 -
::1 - - [07/Dec/2017:14:54:25 +0800] "GET /phpmyadmin/themes/pmahomme/img/b_tblops.png HTTP/1.1" 304 -
::1 - - [07/Dec/2017:14:54:25 +0800] "GET /phpmyadmin/themes/pmahomme/img/s_fulltext.png HTTP/1.1" 304 -
::1 - - [07/Dec/2017:14:54:25 +0800] "GET /phpmyadmin/themes/pmahomme/img/b_drop.png HTTP/1.1" 304 -
::1 - - [07/Dec/2017:14:54:25 +0800] "GET /phpmyadmin/themes/pmahomme/img/b_edit.png HTTP/1.1" 304 -
::1 - - [07/Dec/2017:14:54:25 +0800] "GET /phpmyadmin/themes/pmahomme/img/arrow_ltr.png HTTP/1.1" 304 -
::1 - - [07/Dec/2017:14:54:25 +0800] "GET /phpmyadmin/sql.php?target=sql.php&token=2b47961d5883eba01a7aacd2dd165107&db=forum&table=topics HTTP/1.1" 200 21899
::1 - - [07/Dec/2017:14:54:25 +0800] "GET /phpmyadmin/themes/pmahomme/img/b_print.png HTTP/1.1" 304 -
::1 - - [07/Dec/2017:14:54:25 +0800] "GET /phpmyadmin/themes/pmahomme/img/b_chart.png HTTP/1.1" 304 -
::1 - - [07/Dec/2017:14:54:25 +0800] "GET /phpmyadmin/themes/pmahomme/img/b_views.png HTTP/1.1" 304 -
::1 - - [07/Dec/2017:14:54:25 +0800] "GET /phpmyadmin/themes/pmahomme/img/window-new.png HTTP/1.1" 304 -
::1 - - [07/Dec/2017:14:54:25 +0800] "GET /phpmyadmin/phpmyadmin.css.php?token=2b47961d5883eba01a7aacd2dd165107&js_frame=left&nocache=5488156885 HTTP/1.1" 200 5861
::1 - - [07/Dec/2017:14:54:25 +0800] "GET /phpmyadmin/phpmyadmin.css.php?server=1&token=2b47961d5883eba01a7aacd2dd165107&js_frame=right&nocache=5488156885 HTTP/1.1" 200 41672
::1 - - [07/Dec/2017:14:54:25 +0800] "GET /phpmyadmin/js/messages.php?lang=en&db=forum&token=2b47961d5883eba01a7aacd2dd165107 HTTP/1.1" 200 4939
::1 - - [07/Dec/2017:14:54:25 +0800] "GET /phpmyadmin/themes/pmahomme/img/b_more.png HTTP/1.1" 304 -
::1 - - [07/Dec/2017:14:54:25 +0800] "GET /phpmyadmin/themes/pmahomme/img/b_inline_edit.png HTTP/1.1" 304 -
::1 - - [07/Dec/2017:14:54:27 +0800] "GET /phpmyadmin/tbl_structure.php?db=forum&table=topics&token=2b47961d5883eba01a7aacd2dd165107 HTTP/1.1" 200 43144
::1 - - [07/Dec/2017:14:54:35 +0800] "GET /phpmyadmin/sql.php?db=forum&table=topics&token=2b47961d5883eba01a7aacd2dd165107&pos=0 HTTP/1.1" 200 21890
::1 - - [07/Dec/2017:14:54:45 +0800] "GET /phpmyadmin/sql.php?db=forum&table=topics&sql_query=SELECT+%2A+FROM+%60topics%60&goto=tbl_structure.php&full_text_button=1&display_text=F&token=2b47961d5883eba01a7aacd2dd165107 HTTP/1.1" 200 21463
::1 - - [07/Dec/2017:14:54:45 +0800] "GET /phpmyadmin/themes/pmahomme/img/s_partialtext.png HTTP/1.1" 200 243
::1 - - [07/Dec/2017:14:54:46 +0800] "GET /phpmyadmin/sql.php?db=forum&table=topics&sql_query=SELECT+%2A+FROM+%60topics%60&goto=tbl_structure.php&full_text_button=1&display_text=P&token=2b47961d5883eba01a7aacd2dd165107 HTTP/1.1" 200 21454
::1 - - [07/Dec/2017:14:54:47 +0800] "GET /phpmyadmin/sql.php?db=forum&table=topics&sql_query=SELECT+%2A+FROM+%60topics%60&goto=tbl_structure.php&full_text_button=1&display_text=F&token=2b47961d5883eba01a7aacd2dd165107 HTTP/1.1" 200 21463
::1 - - [07/Dec/2017:14:54:48 +0800] "GET /phpmyadmin/sql.php?db=forum&table=topics&sql_query=SELECT+%2A+FROM+%60topics%60&goto=tbl_structure.php&full_text_button=1&display_text=P&token=2b47961d5883eba01a7aacd2dd165107 HTTP/1.1" 200 21454
::1 - - [07/Dec/2017:14:54:49 +0800] "GET /phpmyadmin/sql.php?db=forum&table=topics&sql_query=SELECT+%2A+FROM+%60topics%60&goto=tbl_structure.php&full_text_button=1&display_text=F&token=2b47961d5883eba01a7aacd2dd165107 HTTP/1.1" 200 21463
::1 - - [07/Dec/2017:14:54:49 +0800] "GET /phpmyadmin/sql.php?db=forum&table=topics&sql_query=SELECT+%2A+FROM+%60topics%60&goto=tbl_structure.php&full_text_button=1&display_text=P&token=2b47961d5883eba01a7aacd2dd165107 HTTP/1.1" 200 21454
::1 - - [07/Dec/2017:14:54:50 +0800] "GET /phpmyadmin/sql.php?db=forum&table=topics&sql_query=SELECT+%2A+FROM+%60topics%60&goto=tbl_structure.php&full_text_button=1&display_text=F&token=2b47961d5883eba01a7aacd2dd165107 HTTP/1.1" 200 21463
::1 - - [07/Dec/2017:14:54:51 +0800] "GET /phpmyadmin/sql.php?db=forum&table=topics&sql_query=SELECT+%2A+FROM+%60topics%60&goto=tbl_structure.php&full_text_button=1&display_text=P&token=2b47961d5883eba01a7aacd2dd165107 HTTP/1.1" 200 21454
::1 - - [07/Dec/2017:14:54:53 +0800] "GET /phpmyadmin/sql.php?db=forum&table=topics&token=2b47961d5883eba01a7aacd2dd165107&pos=0 HTTP/1.1" 200 21890
::1 - - [07/Dec/2017:14:54:54 +0800] "GET /phpmyadmin/tbl_structure.php?db=forum&table=topics&token=2b47961d5883eba01a7aacd2dd165107 HTTP/1.1" 200 43144
::1 - - [07/Dec/2017:14:54:56 +0800] "GET /phpmyadmin/sql.php?db=forum&table=topics&token=2b47961d5883eba01a7aacd2dd165107&pos=0 HTTP/1.1" 200 21890
::1 - - [07/Dec/2017:14:55:00 +0800] "GET /phpmyadmin/tbl_structure.php?db=forum&table=topics&token=2b47961d5883eba01a7aacd2dd165107 HTTP/1.1" 200 43144
::1 - - [07/Dec/2017:14:55:03 +0800] "GET /phpmyadmin/sql.php?db=forum&table=topics&token=2b47961d5883eba01a7aacd2dd165107&pos=0 HTTP/1.1" 200 21890
::1 - - [07/Dec/2017:14:55:16 +0800] "POST /phpmyadmin/sql.php HTTP/1.1" 200 13662
::1 - - [07/Dec/2017:14:55:24 +0800] "GET /phpmyadmin/tbl_structure.php?db=forum&table=topics&token=2b47961d5883eba01a7aacd2dd165107 HTTP/1.1" 200 43144
::1 - - [07/Dec/2017:14:55:26 +0800] "GET /phpmyadmin/sql.php?db=forum&table=topics&token=2b47961d5883eba01a7aacd2dd165107&pos=0 HTTP/1.1" 200 21799
::1 - - [07/Dec/2017:14:55:33 +0800] "POST /phpmyadmin/sql.php HTTP/1.1" 200 13662
::1 - - [07/Dec/2017:14:55:37 +0800] "POST /phpmyadmin/sql.php HTTP/1.1" 200 13753
