[Thu Dec 07 13:33:16 2017] [notice] Apache/2.2.21 (Win32) PHP/5.3.9 configured -- resuming normal operations
[Thu Dec 07 13:33:16 2017] [notice] Server built: Sep 10 2011 11:34:11
[Thu Dec 07 13:33:16 2017] [notice] Parent: Created child process 6568
[Thu Dec 07 13:33:16 2017] [notice] Child 6568: Child process is running
[Thu Dec 07 13:33:16 2017] [notice] Child 6568: Acquired the start mutex.
[Thu Dec 07 13:33:16 2017] [notice] Child 6568: Starting 64 worker threads.
[Thu Dec 07 13:33:16 2017] [notice] Child 6568: Starting thread to listen on port 8080.
[Thu Dec 07 13:33:16 2017] [notice] Child 6568: Starting thread to listen on port 8080.
[Thu Dec 07 14:12:22 2017] [error] [client ::1] File does not exist: C:/Users/ITE32A-24/Desktop/USBWebserver v8.5/root/private/css, referer: http://localhost:8080/private/read.php
[Thu Dec 07 14:12:37 2017] [error] [client ::1] File does not exist: C:/Users/ITE32A-24/Desktop/USBWebserver v8.5/root/private/css, referer: http://localhost:8080/private/create.php
[Thu Dec 07 14:15:17 2017] [error] [client ::1] File does not exist: C:/Users/ITE32A-24/Desktop/USBWebserver v8.5/root/private/css, referer: http://localhost:8080/private/create.php
[Thu Dec 07 14:45:06 2017] [error] [client ::1] PHP Notice:  Undefined index: TOPIC_ID in C:\\Users\\ITE32A-24\\Desktop\\USBWebserver v8.5\\root\\private\\create.php on line 20, referer: http://localhost:8080/private/create.php
[Thu Dec 07 14:45:06 2017] [error] [client ::1] PHP Notice:  Undefined index: TOPIC_POST in C:\\Users\\ITE32A-24\\Desktop\\USBWebserver v8.5\\root\\private\\create.php on line 21, referer: http://localhost:8080/private/create.php
[Thu Dec 07 14:45:06 2017] [error] [client ::1] PHP Notice:  Undefined index: TOPIC_NAME in C:\\Users\\ITE32A-24\\Desktop\\USBWebserver v8.5\\root\\private\\create.php on line 22, referer: http://localhost:8080/private/create.php
[Thu Dec 07 14:45:06 2017] [error] [client ::1] PHP Notice:  Undefined index: USER_NAME in C:\\Users\\ITE32A-24\\Desktop\\USBWebserver v8.5\\root\\private\\create.php on line 23, referer: http://localhost:8080/private/create.php
[Thu Dec 07 14:47:34 2017] [error] [client ::1] PHP Notice:  Undefined index: TOPIC_ID in C:\\Users\\ITE32A-24\\Desktop\\USBWebserver v8.5\\root\\private\\create.php on line 20, referer: http://localhost:8080/private/create.php
[Thu Dec 07 14:47:34 2017] [error] [client ::1] PHP Notice:  Undefined index: TOPIC_POST in C:\\Users\\ITE32A-24\\Desktop\\USBWebserver v8.5\\root\\private\\create.php on line 21, referer: http://localhost:8080/private/create.php
[Thu Dec 07 14:47:34 2017] [error] [client ::1] PHP Notice:  Undefined index: TOPIC_NAME in C:\\Users\\ITE32A-24\\Desktop\\USBWebserver v8.5\\root\\private\\create.php on line 22, referer: http://localhost:8080/private/create.php
[Thu Dec 07 14:47:34 2017] [error] [client ::1] PHP Notice:  Undefined index: USER_NAME in C:\\Users\\ITE32A-24\\Desktop\\USBWebserver v8.5\\root\\private\\create.php on line 23, referer: http://localhost:8080/private/create.php
[Thu Dec 07 14:47:59 2017] [error] [client ::1] PHP Notice:  Undefined index: topicID in C:\\Users\\ITE32A-24\\Desktop\\USBWebserver v8.5\\root\\private\\create.php on line 51, referer: http://localhost:8080/private/create.php
