::1 - - [05/Jul/2018:19:16:59 +0800] "GET /quiz/quiz.php HTTP/1.1" 200 2165
::1 - - [05/Jul/2018:19:17:00 +0800] "GET /style.css HTTP/1.1" 304 -
::1 - - [05/Jul/2018:19:17:01 +0800] "GET /favicon.ico HTTP/1.1" 404 209
::1 - - [05/Jul/2018:19:17:10 +0800] "POST /quiz/grade.php HTTP/1.1" 404 212
::1 - - [05/Jul/2018:19:19:06 +0800] "POST /quiz/grade.php HTTP/1.1" 200 200
::1 - - [05/Jul/2018:19:20:59 +0800] "POST /quiz/grade.php HTTP/1.1" 200 401
::1 - - [05/Jul/2018:19:21:20 +0800] "POST /quiz/grade.php HTTP/1.1" 200 401
::1 - - [05/Jul/2018:19:21:22 +0800] "POST /quiz/grade.php HTTP/1.1" 200 401
::1 - - [05/Jul/2018:19:21:28 +0800] "POST /quiz/grade.php HTTP/1.1" 200 401
::1 - - [05/Jul/2018:19:22:00 +0800] "POST /quiz/grade.php HTTP/1.1" 200 401
::1 - - [05/Jul/2018:19:22:02 +0800] "GET /quiz/quiz.php HTTP/1.1" 200 2164
::1 - - [05/Jul/2018:19:22:05 +0800] "POST /quiz/quiz.php HTTP/1.1" 200 803
::1 - - [05/Jul/2018:19:22:11 +0800] "GET /quiz/quiz.php HTTP/1.1" 200 2164
::1 - - [05/Jul/2018:19:22:23 +0800] "POST /quiz/quiz.php HTTP/1.1" 200 803
::1 - - [05/Jul/2018:19:22:24 +0800] "GET /quiz/quiz.php HTTP/1.1" 200 2164
::1 - - [05/Jul/2018:19:22:40 +0800] "POST /quiz/quiz.php HTTP/1.1" 200 803
::1 - - [05/Jul/2018:19:22:42 +0800] "GET /quiz/quiz.php HTTP/1.1" 200 2164
::1 - - [05/Jul/2018:19:22:44 +0800] "POST /quiz/quiz.php HTTP/1.1" 200 804
::1 - - [05/Jul/2018:19:22:46 +0800] "GET /quiz/quiz.php HTTP/1.1" 200 2164
::1 - - [05/Jul/2018:19:22:48 +0800] "POST /quiz/quiz.php HTTP/1.1" 200 805
::1 - - [05/Jul/2018:19:22:50 +0800] "GET /quiz/quiz.php HTTP/1.1" 200 2164
::1 - - [05/Jul/2018:19:22:58 +0800] "POST /quiz/quiz.php HTTP/1.1" 200 808
::1 - - [05/Jul/2018:19:23:00 +0800] "GET /quiz/quiz.php HTTP/1.1" 200 2164
::1 - - [05/Jul/2018:19:23:55 +0800] "POST /quiz/quiz.php HTTP/1.1" 200 806
::1 - - [05/Jul/2018:19:23:59 +0800] "GET /quiz/quiz.php HTTP/1.1" 200 2164
::1 - - [05/Jul/2018:19:24:02 +0800] "POST /quiz/quiz.php HTTP/1.1" 200 807
::1 - - [05/Jul/2018:19:24:03 +0800] "GET /quiz/quiz.php HTTP/1.1" 200 2164
::1 - - [05/Jul/2018:19:25:38 +0800] "GET /quiz/quiz.php HTTP/1.1" 200 2164
::1 - - [05/Jul/2018:19:25:40 +0800] "POST /quiz/quiz.php HTTP/1.1" 200 1332
::1 - - [05/Jul/2018:19:25:44 +0800] "GET /quiz/quiz.php HTTP/1.1" 200 2164
::1 - - [05/Jul/2018:19:30:03 +0800] "GET /quiz/quiz.php HTTP/1.1" 200 2554
::1 - - [05/Jul/2018:19:30:13 +0800] "GET /quiz/quiz.php HTTP/1.1" 200 2168
::1 - - [05/Jul/2018:19:30:19 +0800] "GET /quiz/quiz.php HTTP/1.1" 200 2170
::1 - - [05/Jul/2018:19:30:29 +0800] "GET /quiz/quiz.php HTTP/1.1" 200 2170
::1 - - [05/Jul/2018:19:31:27 +0800] "GET /quiz/quiz.php HTTP/1.1" 200 1742
::1 - - [05/Jul/2018:19:32:17 +0800] "GET /quiz/quiz.php HTTP/1.1" 200 2170
::1 - - [05/Jul/2018:19:32:37 +0800] "POST /quiz/quiz.php HTTP/1.1" 200 2170
::1 - - [05/Jul/2018:19:32:38 +0800] "POST /quiz/quiz.php HTTP/1.1" 200 2170
::1 - - [05/Jul/2018:19:32:41 +0800] "POST /quiz/quiz.php HTTP/1.1" 200 801
::1 - - [05/Jul/2018:19:32:47 +0800] "POST /quiz/quiz.php HTTP/1.1" 200 2170
::1 - - [05/Jul/2018:19:32:49 +0800] "POST /quiz/quiz.php HTTP/1.1" 200 1325
::1 - - [05/Jul/2018:19:32:53 +0800] "POST /quiz/quiz.php HTTP/1.1" 200 1325
::1 - - [05/Jul/2018:19:32:56 +0800] "POST /quiz/quiz.php HTTP/1.1" 200 801
::1 - - [05/Jul/2018:19:32:58 +0800] "POST /quiz/quiz.php HTTP/1.1" 200 801
::1 - - [05/Jul/2018:19:36:35 +0800] "POST /quiz/quiz.php HTTP/1.1" 200 221
::1 - - [05/Jul/2018:19:36:44 +0800] "POST /quiz/quiz.php HTTP/1.1" 200 2170
::1 - - [05/Jul/2018:19:36:49 +0800] "POST /quiz/quiz.php HTTP/1.1" 200 862
::1 - - [05/Jul/2018:19:42:15 +0800] "POST /quiz/quiz.php HTTP/1.1" 200 2625
::1 - - [05/Jul/2018:19:42:25 +0800] "POST /quiz/quiz.php HTTP/1.1" 200 956
::1 - - [05/Jul/2018:19:42:57 +0800] "POST /quiz/quiz.php HTTP/1.1" 200 949
::1 - - [05/Jul/2018:19:43:35 +0800] "POST /quiz/quiz.php HTTP/1.1" 200 949
::1 - - [05/Jul/2018:19:43:38 +0800] "POST /quiz/quiz.php HTTP/1.1" 200 2625
::1 - - [05/Jul/2018:19:43:41 +0800] "POST /quiz/quiz.php HTTP/1.1" 200 2625
::1 - - [05/Jul/2018:19:43:45 +0800] "POST /quiz/quiz.php HTTP/1.1" 200 948
::1 - - [05/Jul/2018:19:46:43 +0800] "POST /quiz/quiz.php HTTP/1.1" 200 1939
::1 - - [05/Jul/2018:19:47:02 +0800] "POST /quiz/quiz.php HTTP/1.1" 200 2625
::1 - - [05/Jul/2018:19:47:47 +0800] "POST /quiz/quiz.php HTTP/1.1" 200 2636
::1 - - [05/Jul/2018:19:54:58 +0800] "POST /quiz/quiz.php HTTP/1.1" 200 3861
::1 - - [05/Jul/2018:19:55:10 +0800] "POST /quiz/quiz.php HTTP/1.1" 200 1954
::1 - - [05/Jul/2018:19:55:18 +0800] "POST /quiz/quiz.php HTTP/1.1" 200 1029
::1 - - [05/Jul/2018:19:55:38 +0800] "POST /quiz/quiz.php HTTP/1.1" 200 736
::1 - - [05/Jul/2018:19:55:49 +0800] "POST /quiz/quiz.php HTTP/1.1" 200 682
::1 - - [05/Jul/2018:19:58:16 +0800] "POST /quiz/quiz.php HTTP/1.1" 200 4004
::1 - - [05/Jul/2018:19:58:17 +0800] "POST /quiz/quiz.php HTTP/1.1" 200 4004
::1 - - [05/Jul/2018:19:58:50 +0800] "POST /quiz/quiz.php HTTP/1.1" 200 3861
::1 - - [05/Jul/2018:20:00:28 +0800] "POST /quiz/quiz.php HTTP/1.1" 200 4082
::1 - - [05/Jul/2018:20:06:26 +0800] "POST /quiz/quiz.php HTTP/1.1" 200 3978
::1 - - [05/Jul/2018:20:06:28 +0800] "POST /quiz/quiz.php HTTP/1.1" 200 3978
::1 - - [05/Jul/2018:20:07:37 +0800] "POST /quiz/quiz.php HTTP/1.1" 200 3978
::1 - - [05/Jul/2018:20:07:39 +0800] "POST /quiz/quiz.php HTTP/1.1" 200 3978
::1 - - [05/Jul/2018:20:08:06 +0800] "POST /quiz/quiz.php HTTP/1.1" 200 4329
::1 - - [05/Jul/2018:20:08:22 +0800] "POST /quiz/quiz.php HTTP/1.1" 200 4121
::1 - - [05/Jul/2018:20:08:34 +0800] "POST /quiz/quiz.php HTTP/1.1" 200 4134
::1 - - [05/Jul/2018:20:09:29 +0800] "POST /quiz/quiz.php HTTP/1.1" 200 4073
::1 - - [05/Jul/2018:20:10:30 +0800] "POST /quiz/quiz.php HTTP/1.1" 200 199
::1 - - [05/Jul/2018:20:10:36 +0800] "POST /quiz/quiz.php HTTP/1.1" 200 4322
::1 - - [05/Jul/2018:20:11:12 +0800] "POST /quiz/quiz.php HTTP/1.1" 200 4335
::1 - - [05/Jul/2018:20:11:28 +0800] "POST /quiz/quiz.php HTTP/1.1" 200 4323
::1 - - [05/Jul/2018:20:11:45 +0800] "POST /quiz/quiz.php HTTP/1.1" 200 4066
::1 - - [05/Jul/2018:20:11:48 +0800] "POST /quiz/quiz.php HTTP/1.1" 200 682
::1 - - [05/Jul/2018:20:19:36 +0800] "POST /quiz/quiz.php HTTP/1.1" 200 7844
::1 - - [05/Jul/2018:20:29:41 +0800] "POST /quiz/quiz.php HTTP/1.1" 200 683
